<!DOCTYPE html PUBLIC "-//W3C//DTD XHTML 1.1//EN" "https://www.w3.org/TR/xhtml11/DTD/xhtml11.dtd">
<html xmlns="https://www.w3.org/1999/xhtml">
<head>
<meta http-equiv="content-type" content="text/html; charset=UTF-8"/>
<title>TestNG Report</title>
<style type="text/css">table {margin-bottom:10px;border-collapse:collapse;empty-cells:show}th,td {border:1px solid #009;padding:.25em .5em}th {vertical-align:bottom}td {vertical-align:top}table a {font-weight:bold}.stripe td {background-color: #E6EBF9}.num {text-align:right}.passedodd td {background-color: #3F3}.passedeven td {background-color: #0A0}.skippedodd td {background-color: #DDD}.skippedeven td {background-color: #CCC}.failedodd td,.attn {background-color: #F33}.failedeven td,.stripe .attn {background-color: #D00}.stacktrace {white-space:pre;font-family:monospace}.totop {font-size:85%;text-align:center;border-bottom:2px solid #000}.invisible {display:none}</style>
</head>
<body>
<table>
<tr><th>Test</th><th># Passed</th><th># Skipped</th><th># Retried</th><th># Failed</th><th>Time (ms)</th><th>Included Groups</th><th>Excluded Groups</th></tr>
<tr><th colspan="8">Suite</th></tr>
<tr><td><a href="#t0">Chrome Test</a></td><td class="num">8</td><td class="num">0</td><td class="num">0</td><td class="num attn">6</td><td class="num">183,461</td><td></td><td></td></tr>
<tr class="stripe"><td><a href="#t1">Edge Test</a></td><td class="num">8</td><td class="num">0</td><td class="num">0</td><td class="num attn">6</td><td class="num">198,635</td><td></td><td></td></tr>
<tr><th>Total</th><th class="num">16</th><th class="num">0</th><th class="num">0</th><th class="num attn">12</th><th class="num">382,096</th><th colspan="2"></th></tr>
</table>
<table id='summary'><thead><tr><th>Class</th><th>Method</th><th>Start</th><th>Time (ms)</th></tr></thead><tbody><tr><th colspan="4">Suite</th></tr></tbody><tbody id="t0"><tr><th colspan="4">Chrome Test &#8212; failed</th></tr><tr class="failedeven"><td rowspan="2">tests.TC_001_SignUpTest</td><td><a href="#m0">signUpTest</a></td><td rowspan="2">1734418024014</td><td rowspan="2">6481</td></tr><tr class="failedeven"><td><a href="#m1">signUpTest</a></td></tr><tr class="failedodd"><td rowspan="1">tests.TC_002_LoginTest</td><td><a href="#m2">loginTest</a></td><td rowspan="1">1734418045880</td><td rowspan="1">5413</td></tr><tr class="failedeven"><td rowspan="2">tests.TC_003_ContactAdditionTest</td><td><a href="#m3">contactAddtionTest</a></td><td rowspan="2">1734418080149</td><td rowspan="2">13191</td></tr><tr class="failedeven"><td><a href="#m4">contactAddtionTest</a></td></tr><tr class="failedodd"><td rowspan="1">tests.TC_004_ContactDisplayTest</td><td><a href="#m5">contactDisplatTest</a></td><td rowspan="1">1734418140325</td><td rowspan="1">1769</td></tr><tr><th colspan="4">Chrome Test &#8212; passed</th></tr><tr class="passedeven"><td rowspan="1">tests.TC_002_LoginTest</td><td><a href="#m6">loginTest</a></td><td rowspan="1">1734418039799</td><td rowspan="1">2196</td></tr><tr class="passedodd"><td rowspan="4">tests.TC_003_ContactAdditionTest</td><td><a href="#m7">contactAddtionTest</a></td><td rowspan="4">1734418055023</td><td rowspan="4">8949</td></tr><tr class="passedodd"><td><a href="#m8">contactAddtionTest</a></td></tr><tr class="passedodd"><td><a href="#m9">contactAddtionTest</a></td></tr><tr class="passedodd"><td><a href="#m10">contactAddtionTest</a></td></tr><tr class="passedeven"><td rowspan="1">tests.TC_005_ContactEditingTest</td><td><a href="#m11">contactEditingTest</a></td><td rowspan="1">1734418145749</td><td rowspan="1">16623</td></tr><tr class="passedodd"><td rowspan="1">tests.TC_006_ContactDeletingTest</td><td><a href="#m12">contactDeletingTest</a></td><td rowspan="1">1734418166062</td><td rowspan="1">9207</td></tr><tr class="passedeven"><td rowspan="1">tests.TC_007_FinalLogoutTest</td><td><a href="#m13">finalLogoutTest</a></td><td rowspan="1">1734418178712</td><td rowspan="1">22165</td></tr></tbody>
<tbody id="t1"><tr><th colspan="4">Edge Test &#8212; failed</th></tr><tr class="failedeven"><td rowspan="2">tests.TC_001_SignUpTest</td><td><a href="#m14">signUpTest</a></td><td rowspan="2">1734418205391</td><td rowspan="2">1904</td></tr><tr class="failedeven"><td><a href="#m15">signUpTest</a></td></tr><tr class="failedodd"><td rowspan="1">tests.TC_002_LoginTest</td><td><a href="#m16">loginTest</a></td><td rowspan="1">1734418227001</td><td rowspan="1">5426</td></tr><tr class="failedeven"><td rowspan="2">tests.TC_003_ContactAdditionTest</td><td><a href="#m17">contactAddtionTest</a></td><td rowspan="2">1734418314130</td><td rowspan="2">13123</td></tr><tr class="failedeven"><td><a href="#m18">contactAddtionTest</a></td></tr><tr class="failedodd"><td rowspan="1">tests.TC_004_ContactDisplayTest</td><td><a href="#m19">contactDisplatTest</a></td><td rowspan="1">1734418332746</td><td rowspan="1">1989</td></tr><tr><th colspan="4">Edge Test &#8212; passed</th></tr><tr class="passedeven"><td rowspan="1">tests.TC_002_LoginTest</td><td><a href="#m20">loginTest</a></td><td rowspan="1">1734418219794</td><td rowspan="1">2039</td></tr><tr class="passedodd"><td rowspan="4">tests.TC_003_ContactAdditionTest</td><td><a href="#m21">contactAddtionTest</a></td><td rowspan="4">1734418238595</td><td rowspan="4">9009</td></tr><tr class="passedodd"><td><a href="#m22">contactAddtionTest</a></td></tr><tr class="passedodd"><td><a href="#m23">contactAddtionTest</a></td></tr><tr class="passedodd"><td><a href="#m24">contactAddtionTest</a></td></tr><tr class="passedeven"><td rowspan="1">tests.TC_005_ContactEditingTest</td><td><a href="#m25">contactEditingTest</a></td><td rowspan="1">1734418340099</td><td rowspan="1">16412</td></tr><tr class="passedodd"><td rowspan="1">tests.TC_006_ContactDeletingTest</td><td><a href="#m26">contactDeletingTest</a></td><td rowspan="1">1734418361939</td><td rowspan="1">9506</td></tr><tr class="passedeven"><td rowspan="1">tests.TC_007_FinalLogoutTest</td><td><a href="#m27">finalLogoutTest</a></td><td rowspan="1">1734418376849</td><td rowspan="1">22600</td></tr></tbody>
</table>
<h2>Chrome Test</h2><h3 id="m0">tests.TC_001_SignUpTest#signUpTest</h3><table class="result"><tr class="param"><th>Parameter #1</th><th>Parameter #2</th><th>Parameter #3</th><th>Parameter #4</th></tr><tr class="param stripe"><td>Arun</td><td>M</td><td>arunmtest13@gmail.com</td><td>1234567</td></tr><tr><th colspan="4">Exception</th></tr><tr><td colspan="4"><div class="stacktrace">org.openqa.selenium.NoSuchElementException: no such element: Unable to locate element: {&quot;method&quot;:&quot;xpath&quot;,&quot;selector&quot;:&quot;//span[contains(text(),&apos;Email address is already in use&apos;)]&quot;}
  (Session info: chrome=131.0.6778.140)
For documentation on this error, please visit: https://www.selenium.dev/documentation/webdriver/troubleshooting/errors#no-such-element-exception
Build info: version: &apos;4.27.0&apos;, revision: &apos;d6e718d134&apos;
System info: os.name: &apos;Windows 11&apos;, os.arch: &apos;amd64&apos;, os.version: &apos;10.0&apos;, java.version: &apos;17.0.8&apos;
Driver info: org.openqa.selenium.chrome.ChromeDriver
Command: [0029bca18c930cdd37250fc026af2c32, findElement {value=//span[contains(text(),&apos;Email address is already in use&apos;)], using=xpath}]
Capabilities {acceptInsecureCerts: false, browserName: chrome, browserVersion: 131.0.6778.140, chrome: {chromedriverVersion: 131.0.6778.108 (3b014839fbc..., userDataDir: C:\Users\arunp\AppData\Loca...}, fedcm:accounts: true, goog:chromeOptions: {debuggerAddress: localhost:50749}, networkConnectionEnabled: false, pageLoadStrategy: normal, platformName: windows, proxy: Proxy(), se:cdp: ws://localhost:50749/devtoo..., se:cdpVersion: 131.0.6778.140, setWindowRect: true, strictFileInteractability: false, timeouts: {implicit: 0, pageLoad: 300000, script: 30000}, unhandledPromptBehavior: dismiss and notify, webauthn:extension:credBlob: true, webauthn:extension:largeBlob: true, webauthn:extension:minPinLength: true, webauthn:extension:prf: true, webauthn:virtualAuthenticators: true}
Session ID: 0029bca18c930cdd37250fc026af2c32
	at org.openqa.selenium.remote.ErrorCodec.decode(ErrorCodec.java:167)
	at org.openqa.selenium.remote.codec.w3c.W3CHttpResponseCodec.decode(W3CHttpResponseCodec.java:138)
	at org.openqa.selenium.remote.codec.w3c.W3CHttpResponseCodec.decode(W3CHttpResponseCodec.java:50)
	at org.openqa.selenium.remote.HttpCommandExecutor.execute(HttpCommandExecutor.java:190)
	at org.openqa.selenium.remote.service.DriverCommandExecutor.invokeExecute(DriverCommandExecutor.java:216)
	at org.openqa.selenium.remote.service.DriverCommandExecutor.execute(DriverCommandExecutor.java:174)
	at org.openqa.selenium.remote.RemoteWebDriver.execute(RemoteWebDriver.java:545)
	at org.openqa.selenium.remote.ElementLocation$ElementFinder$2.findElement(ElementLocation.java:165)
	at org.openqa.selenium.remote.ElementLocation.findElement(ElementLocation.java:59)
	at org.openqa.selenium.remote.RemoteWebDriver.findElement(RemoteWebDriver.java:368)
	at org.openqa.selenium.remote.RemoteWebDriver.findElement(RemoteWebDriver.java:362)
	at pages.SignUpPage.signUpSubmitButton(SignUpPage.java:61)
	at tests.TC_001_SignUpTest.signUpTest(TC_001_SignUpTest.java:33)
	at java.base/java.util.ArrayList.forEach(ArrayList.java:1511)
... Removed 32 stack frames</div></td></tr></table><p class="totop"><a href="#summary">back to summary</a></p>
<h3 id="m1">tests.TC_001_SignUpTest#signUpTest</h3><table class="result"><tr class="param"><th>Parameter #1</th><th>Parameter #2</th><th>Parameter #3</th><th>Parameter #4</th></tr><tr class="param stripe"><td>Arun</td><td>M</td><td>abc@gmail.com</td><td>1234567</td></tr><tr><th colspan="4">Exception</th></tr><tr><td colspan="4"><div class="stacktrace">java.lang.AssertionError: expected [false] but found [true]
	at pages.SignUpPage.signUpSubmitButton(SignUpPage.java:62)
	at tests.TC_001_SignUpTest.signUpTest(TC_001_SignUpTest.java:33)
	at java.base/java.util.ArrayList.forEach(ArrayList.java:1511)
... Removed 31 stack frames</div></td></tr></table><p class="totop"><a href="#summary">back to summary</a></p>
<h3 id="m2">tests.TC_002_LoginTest#loginTest</h3><table class="result"><tr class="param"><th>Parameter #1</th><th>Parameter #2</th></tr><tr class="param stripe"><td>abc</td><td>1</td></tr><tr><th colspan="2">Exception</th></tr><tr><td colspan="2"><div class="stacktrace">org.openqa.selenium.NoSuchElementException: no such element: Unable to locate element: {&quot;method&quot;:&quot;xpath&quot;,&quot;selector&quot;:&quot;//button[contains(text(),&apos;Add a New Contact&apos;)]&quot;}
  (Session info: chrome=131.0.6778.140)
For documentation on this error, please visit: https://www.selenium.dev/documentation/webdriver/troubleshooting/errors#no-such-element-exception
Build info: version: &apos;4.27.0&apos;, revision: &apos;d6e718d134&apos;
System info: os.name: &apos;Windows 11&apos;, os.arch: &apos;amd64&apos;, os.version: &apos;10.0&apos;, java.version: &apos;17.0.8&apos;
Driver info: org.openqa.selenium.chrome.ChromeDriver
Command: [706728b4d7dc33da38db0001c3a0c569, findElement {value=//button[contains(text(),&apos;Add a New Contact&apos;)], using=xpath}]
Capabilities {acceptInsecureCerts: false, browserName: chrome, browserVersion: 131.0.6778.140, chrome: {chromedriverVersion: 131.0.6778.108 (3b014839fbc..., userDataDir: C:\Users\arunp\AppData\Loca...}, fedcm:accounts: true, goog:chromeOptions: {debuggerAddress: localhost:50815}, networkConnectionEnabled: false, pageLoadStrategy: normal, platformName: windows, proxy: Proxy(), se:cdp: ws://localhost:50815/devtoo..., se:cdpVersion: 131.0.6778.140, setWindowRect: true, strictFileInteractability: false, timeouts: {implicit: 0, pageLoad: 300000, script: 30000}, unhandledPromptBehavior: dismiss and notify, webauthn:extension:credBlob: true, webauthn:extension:largeBlob: true, webauthn:extension:minPinLength: true, webauthn:extension:prf: true, webauthn:virtualAuthenticators: true}
Session ID: 706728b4d7dc33da38db0001c3a0c569
	at org.openqa.selenium.remote.ErrorCodec.decode(ErrorCodec.java:167)
	at org.openqa.selenium.remote.codec.w3c.W3CHttpResponseCodec.decode(W3CHttpResponseCodec.java:138)
	at org.openqa.selenium.remote.codec.w3c.W3CHttpResponseCodec.decode(W3CHttpResponseCodec.java:50)
	at org.openqa.selenium.remote.HttpCommandExecutor.execute(HttpCommandExecutor.java:190)
	at org.openqa.selenium.remote.service.DriverCommandExecutor.invokeExecute(DriverCommandExecutor.java:216)
	at org.openqa.selenium.remote.service.DriverCommandExecutor.execute(DriverCommandExecutor.java:174)
	at org.openqa.selenium.remote.RemoteWebDriver.execute(RemoteWebDriver.java:545)
	at org.openqa.selenium.remote.ElementLocation$ElementFinder$2.findElement(ElementLocation.java:165)
	at org.openqa.selenium.remote.ElementLocation.findElement(ElementLocation.java:59)
	at org.openqa.selenium.remote.RemoteWebDriver.findElement(RemoteWebDriver.java:368)
	at org.openqa.selenium.remote.RemoteWebDriver.findElement(RemoteWebDriver.java:362)
	at pages.LoginPage.clickLoginSubmit(LoginPage.java:43)
	at tests.TC_002_LoginTest.loginTest(TC_002_LoginTest.java:31)
	at java.base/java.util.ArrayList.forEach(ArrayList.java:1511)
... Removed 32 stack frames</div></td></tr></table><p class="totop"><a href="#summary">back to summary</a></p>
<h3 id="m3">tests.TC_003_ContactAdditionTest#contactAddtionTest</h3><table class="result"><tr class="param"><th>Parameter #1</th><th>Parameter #2</th><th>Parameter #3</th><th>Parameter #4</th><th>Parameter #5</th><th>Parameter #6</th><th>Parameter #7</th><th>Parameter #8</th><th>Parameter #9</th><th>Parameter #10</th><th>Parameter #11</th><th>Parameter #12</th><th>Parameter #13</th></tr><tr class="param stripe"><td>arunmtest13@gmail.com</td><td>1234567</td><td></td><td></td><td>1992-02-02</td><td>amiller@fake.com</td><td>8005554242</td><td>13 School St.</td><td>Apt. 5</td><td>Washington</td><td>QC</td><td>12345</td><td>Canada</td></tr><tr><th colspan="13">Exception</th></tr><tr><td colspan="13"><div class="stacktrace">org.openqa.selenium.NoSuchElementException: no such element: Unable to locate element: {&quot;method&quot;:&quot;xpath&quot;,&quot;selector&quot;:&quot;//button[contains(text(),&apos;Add a New Contact&apos;)]&quot;}
  (Session info: chrome=131.0.6778.140)
For documentation on this error, please visit: https://www.selenium.dev/documentation/webdriver/troubleshooting/errors#no-such-element-exception
Build info: version: &apos;4.27.0&apos;, revision: &apos;d6e718d134&apos;
System info: os.name: &apos;Windows 11&apos;, os.arch: &apos;amd64&apos;, os.version: &apos;10.0&apos;, java.version: &apos;17.0.8&apos;
Driver info: org.openqa.selenium.chrome.ChromeDriver
Command: [57e7de4666b9d006354694f83e50b834, findElement {value=//button[contains(text(),&apos;Add a New Contact&apos;)], using=xpath}]
Capabilities {acceptInsecureCerts: false, browserName: chrome, browserVersion: 131.0.6778.140, chrome: {chromedriverVersion: 131.0.6778.108 (3b014839fbc..., userDataDir: C:\Users\arunp\AppData\Loca...}, fedcm:accounts: true, goog:chromeOptions: {debuggerAddress: localhost:50903}, networkConnectionEnabled: false, pageLoadStrategy: normal, platformName: windows, proxy: Proxy(), se:cdp: ws://localhost:50903/devtoo..., se:cdpVersion: 131.0.6778.140, setWindowRect: true, strictFileInteractability: false, timeouts: {implicit: 0, pageLoad: 300000, script: 30000}, unhandledPromptBehavior: dismiss and notify, webauthn:extension:credBlob: true, webauthn:extension:largeBlob: true, webauthn:extension:minPinLength: true, webauthn:extension:prf: true, webauthn:virtualAuthenticators: true}
Session ID: 57e7de4666b9d006354694f83e50b834
	at org.openqa.selenium.remote.ErrorCodec.decode(ErrorCodec.java:167)
	at org.openqa.selenium.remote.codec.w3c.W3CHttpResponseCodec.decode(W3CHttpResponseCodec.java:138)
	at org.openqa.selenium.remote.codec.w3c.W3CHttpResponseCodec.decode(W3CHttpResponseCodec.java:50)
	at org.openqa.selenium.remote.HttpCommandExecutor.execute(HttpCommandExecutor.java:190)
	at org.openqa.selenium.remote.service.DriverCommandExecutor.invokeExecute(DriverCommandExecutor.java:216)
	at org.openqa.selenium.remote.service.DriverCommandExecutor.execute(DriverCommandExecutor.java:174)
	at org.openqa.selenium.remote.RemoteWebDriver.execute(RemoteWebDriver.java:545)
	at org.openqa.selenium.remote.ElementLocation$ElementFinder$2.findElement(ElementLocation.java:165)
	at org.openqa.selenium.remote.ElementLocation.findElement(ElementLocation.java:59)
	at org.openqa.selenium.remote.RemoteWebDriver.findElement(RemoteWebDriver.java:368)
	at org.openqa.selenium.remote.RemoteWebDriver.findElement(RemoteWebDriver.java:362)
	at pages.ContactAdditionPage.contactAddSubmitButton(ContactAdditionPage.java:125)
	at tests.TC_003_ContactAdditionTest.contactAddtionTest(TC_003_ContactAdditionTest.java:46)
	at java.base/java.util.ArrayList.forEach(ArrayList.java:1511)
... Removed 32 stack frames</div></td></tr></table><p class="totop"><a href="#summary">back to summary</a></p>
<h3 id="m4">tests.TC_003_ContactAdditionTest#contactAddtionTest</h3><table class="result"><tr class="param"><th>Parameter #1</th><th>Parameter #2</th><th>Parameter #3</th><th>Parameter #4</th><th>Parameter #5</th><th>Parameter #6</th><th>Parameter #7</th><th>Parameter #8</th><th>Parameter #9</th><th>Parameter #10</th><th>Parameter #11</th><th>Parameter #12</th><th>Parameter #13</th></tr><tr class="param stripe"><td>arunmtest13@gmail.com</td><td>1234567</td><td>Miller</td><td>Dave</td><td>23-06-1995</td><td>mdave@fake.com</td><td>8006666666</td><td>2 Main St</td><td>Apt. 12</td><td>Anytown</td><td>KS</td><td>12345</td><td>USA</td></tr><tr><th colspan="13">Exception</th></tr><tr><td colspan="13"><div class="stacktrace">org.openqa.selenium.NoSuchElementException: no such element: Unable to locate element: {&quot;method&quot;:&quot;xpath&quot;,&quot;selector&quot;:&quot;//button[contains(text(),&apos;Add a New Contact&apos;)]&quot;}
  (Session info: chrome=131.0.6778.140)
For documentation on this error, please visit: https://www.selenium.dev/documentation/webdriver/troubleshooting/errors#no-such-element-exception
Build info: version: &apos;4.27.0&apos;, revision: &apos;d6e718d134&apos;
System info: os.name: &apos;Windows 11&apos;, os.arch: &apos;amd64&apos;, os.version: &apos;10.0&apos;, java.version: &apos;17.0.8&apos;
Driver info: org.openqa.selenium.chrome.ChromeDriver
Command: [bfacd95cffbb96ac08c663fc143fca1d, findElement {value=//button[contains(text(),&apos;Add a New Contact&apos;)], using=xpath}]
Capabilities {acceptInsecureCerts: false, browserName: chrome, browserVersion: 131.0.6778.140, chrome: {chromedriverVersion: 131.0.6778.108 (3b014839fbc..., userDataDir: C:\Users\arunp\AppData\Loca...}, fedcm:accounts: true, goog:chromeOptions: {debuggerAddress: localhost:51004}, networkConnectionEnabled: false, pageLoadStrategy: normal, platformName: windows, proxy: Proxy(), se:cdp: ws://localhost:51004/devtoo..., se:cdpVersion: 131.0.6778.140, setWindowRect: true, strictFileInteractability: false, timeouts: {implicit: 0, pageLoad: 300000, script: 30000}, unhandledPromptBehavior: dismiss and notify, webauthn:extension:credBlob: true, webauthn:extension:largeBlob: true, webauthn:extension:minPinLength: true, webauthn:extension:prf: true, webauthn:virtualAuthenticators: true}
Session ID: bfacd95cffbb96ac08c663fc143fca1d
	at org.openqa.selenium.remote.ErrorCodec.decode(ErrorCodec.java:167)
	at org.openqa.selenium.remote.codec.w3c.W3CHttpResponseCodec.decode(W3CHttpResponseCodec.java:138)
	at org.openqa.selenium.remote.codec.w3c.W3CHttpResponseCodec.decode(W3CHttpResponseCodec.java:50)
	at org.openqa.selenium.remote.HttpCommandExecutor.execute(HttpCommandExecutor.java:190)
	at org.openqa.selenium.remote.service.DriverCommandExecutor.invokeExecute(DriverCommandExecutor.java:216)
	at org.openqa.selenium.remote.service.DriverCommandExecutor.execute(DriverCommandExecutor.java:174)
	at org.openqa.selenium.remote.RemoteWebDriver.execute(RemoteWebDriver.java:545)
	at org.openqa.selenium.remote.ElementLocation$ElementFinder$2.findElement(ElementLocation.java:165)
	at org.openqa.selenium.remote.ElementLocation.findElement(ElementLocation.java:59)
	at org.openqa.selenium.remote.RemoteWebDriver.findElement(RemoteWebDriver.java:368)
	at org.openqa.selenium.remote.RemoteWebDriver.findElement(RemoteWebDriver.java:362)
	at pages.ContactAdditionPage.contactAddSubmitButton(ContactAdditionPage.java:125)
	at tests.TC_003_ContactAdditionTest.contactAddtionTest(TC_003_ContactAdditionTest.java:46)
	at java.base/java.util.ArrayList.forEach(ArrayList.java:1511)
... Removed 32 stack frames</div></td></tr></table><p class="totop"><a href="#summary">back to summary</a></p>
<h3 id="m5">tests.TC_004_ContactDisplayTest#contactDisplatTest</h3><table class="result"><tr class="param"><th>Parameter #1</th><th>Parameter #2</th></tr><tr class="param stripe"><td>arunmtest13@gmail.com</td><td>1234567</td></tr><tr><th colspan="2">Exception</th></tr><tr><td colspan="2"><div class="stacktrace">java.lang.AssertionError: Extension is available with the number expected [+918005555555] but found [8005555555]
	at pages.ContactDisplayPage.numberExtensionValidation(ContactDisplayPage.java:46)
	at tests.TC_004_ContactDisplayTest.contactDisplatTest(TC_004_ContactDisplayTest.java:34)
	at java.base/java.util.ArrayList.forEach(ArrayList.java:1511)
... Removed 32 stack frames</div></td></tr></table><p class="totop"><a href="#summary">back to summary</a></p>
<h3 id="m6">tests.TC_002_LoginTest#loginTest</h3><table class="result"><tr class="param"><th>Parameter #1</th><th>Parameter #2</th></tr><tr class="param stripe"><td>arunmtest13@gmail.com</td><td>1234567</td></tr></table><p class="totop"><a href="#summary">back to summary</a></p>
<h3 id="m7">tests.TC_003_ContactAdditionTest#contactAddtionTest</h3><table class="result"><tr class="param"><th>Parameter #1</th><th>Parameter #2</th><th>Parameter #3</th><th>Parameter #4</th><th>Parameter #5</th><th>Parameter #6</th><th>Parameter #7</th><th>Parameter #8</th><th>Parameter #9</th><th>Parameter #10</th><th>Parameter #11</th><th>Parameter #12</th><th>Parameter #13</th></tr><tr class="param stripe"><td>arunmtest13@gmail.com</td><td>1234567</td><td>John</td><td>Doe</td><td>1970-01-01</td><td>jdoe@fake.com</td><td>8005577777</td><td>1 Main St</td><td>Apartment A</td><td>Paris</td><td>FS</td><td>12345</td><td>France</td></tr></table><p class="totop"><a href="#summary">back to summary</a></p>
<h3 id="m8">tests.TC_003_ContactAdditionTest#contactAddtionTest</h3><table class="result"><tr class="param"><th>Parameter #1</th><th>Parameter #2</th><th>Parameter #3</th><th>Parameter #4</th><th>Parameter #5</th><th>Parameter #6</th><th>Parameter #7</th><th>Parameter #8</th><th>Parameter #9</th><th>Parameter #10</th><th>Parameter #11</th><th>Parameter #12</th><th>Parameter #13</th></tr><tr class="param stripe"><td>arunmtest13@gmail.com</td><td>1234567</td><td>Amy</td><td>Miller</td><td>1992-02-02</td><td>amiller@fake.com</td><td>8005554242</td><td>13 School St.</td><td>Apt. 5</td><td>Washington</td><td>QC</td><td>12345</td><td>Canada</td></tr></table><p class="totop"><a href="#summary">back to summary</a></p>
<h3 id="m9">tests.TC_003_ContactAdditionTest#contactAddtionTest</h3><table class="result"><tr class="param"><th>Parameter #1</th><th>Parameter #2</th><th>Parameter #3</th><th>Parameter #4</th><th>Parameter #5</th><th>Parameter #6</th><th>Parameter #7</th><th>Parameter #8</th><th>Parameter #9</th><th>Parameter #10</th><th>Parameter #11</th><th>Parameter #12</th><th>Parameter #13</th></tr><tr class="param stripe"><td>arunmtest13@gmail.com</td><td>1234567</td><td>Anna</td><td>John</td><td>1993-10-20</td><td>ajohn@fake.com</td><td>8005555555</td><td>5 School St.</td><td>Apt. 11</td><td>Sydney</td><td>NSW</td><td>12345</td><td>Australia</td></tr></table><p class="totop"><a href="#summary">back to summary</a></p>
<h3 id="m10">tests.TC_003_ContactAdditionTest#contactAddtionTest</h3><table class="result"><tr class="param"><th>Parameter #1</th><th>Parameter #2</th><th>Parameter #3</th><th>Parameter #4</th><th>Parameter #5</th><th>Parameter #6</th><th>Parameter #7</th><th>Parameter #8</th><th>Parameter #9</th><th>Parameter #10</th><th>Parameter #11</th><th>Parameter #12</th><th>Parameter #13</th></tr><tr class="param stripe"><td>arunmtest13@gmail.com</td><td>1234567</td><td>Amy</td><td>Miller</td><td>1992-02-02</td><td>amiller@fake.com</td><td>8005554242</td><td>13 School St.</td><td>Apt. 5</td><td>Washington</td><td>QC</td><td>12345</td><td>Canada</td></tr></table><p class="totop"><a href="#summary">back to summary</a></p>
<h3 id="m11">tests.TC_005_ContactEditingTest#contactEditingTest</h3><table class="result"><tr class="param"><th>Parameter #1</th><th>Parameter #2</th><th>Parameter #3</th><th>Parameter #4</th><th>Parameter #5</th><th>Parameter #6</th></tr><tr class="param stripe"><td>arunmtest13@gmail.com</td><td>1234567</td><td>Will</td><td>Jack</td><td>wjack@fake.com</td><td>9000080000</td></tr></table><p class="totop"><a href="#summary">back to summary</a></p>
<h3 id="m12">tests.TC_006_ContactDeletingTest#contactDeletingTest</h3><table class="result"><tr class="param"><th>Parameter #1</th><th>Parameter #2</th></tr><tr class="param stripe"><td>arunmtest13@gmail.com</td><td>1234567</td></tr></table><p class="totop"><a href="#summary">back to summary</a></p>
<h3 id="m13">tests.TC_007_FinalLogoutTest#finalLogoutTest</h3><table class="result"><tr class="param"><th>Parameter #1</th><th>Parameter #2</th></tr><tr class="param stripe"><td>arunmtest13@gmail.com</td><td>1234567</td></tr></table><p class="totop"><a href="#summary">back to summary</a></p>
<h2>Edge Test</h2><h3 id="m14">tests.TC_001_SignUpTest#signUpTest</h3><table class="result"><tr class="param"><th>Parameter #1</th><th>Parameter #2</th><th>Parameter #3</th><th>Parameter #4</th></tr><tr class="param stripe"><td>Arun</td><td>M</td><td>arunmtest13@gmail.com</td><td>1234567</td></tr><tr><th colspan="4">Exception</th></tr><tr><td colspan="4"><div class="stacktrace">java.lang.AssertionError: expected [false] but found [true]
	at pages.SignUpPage.signUpSubmitButton(SignUpPage.java:62)
	at tests.TC_001_SignUpTest.signUpTest(TC_001_SignUpTest.java:33)
	at java.base/java.util.ArrayList.forEach(ArrayList.java:1511)
... Removed 31 stack frames</div></td></tr></table><p class="totop"><a href="#summary">back to summary</a></p>
<h3 id="m15">tests.TC_001_SignUpTest#signUpTest</h3><table class="result"><tr class="param"><th>Parameter #1</th><th>Parameter #2</th><th>Parameter #3</th><th>Parameter #4</th></tr><tr class="param stripe"><td>Arun</td><td>M</td><td>abc@gmail.com</td><td>1234567</td></tr><tr><th colspan="4">Exception</th></tr><tr><td colspan="4"><div class="stacktrace">java.lang.AssertionError: expected [false] but found [true]
	at pages.SignUpPage.signUpSubmitButton(SignUpPage.java:62)
	at tests.TC_001_SignUpTest.signUpTest(TC_001_SignUpTest.java:33)
	at java.base/java.util.ArrayList.forEach(ArrayList.java:1511)
... Removed 31 stack frames</div></td></tr></table><p class="totop"><a href="#summary">back to summary</a></p>
<h3 id="m16">tests.TC_002_LoginTest#loginTest</h3><table class="result"><tr class="param"><th>Parameter #1</th><th>Parameter #2</th></tr><tr class="param stripe"><td>abc</td><td>1</td></tr><tr><th colspan="2">Exception</th></tr><tr><td colspan="2"><div class="stacktrace">org.openqa.selenium.NoSuchElementException: no such element: Unable to locate element: {&quot;method&quot;:&quot;xpath&quot;,&quot;selector&quot;:&quot;//button[contains(text(),&apos;Add a New Contact&apos;)]&quot;}
  (Session info: MicrosoftEdge=131.0.2903.99)
For documentation on this error, please visit: https://www.selenium.dev/documentation/webdriver/troubleshooting/errors#no-such-element-exception
Build info: version: &apos;4.27.0&apos;, revision: &apos;d6e718d134&apos;
System info: os.name: &apos;Windows 11&apos;, os.arch: &apos;amd64&apos;, os.version: &apos;10.0&apos;, java.version: &apos;17.0.8&apos;
Driver info: org.openqa.selenium.edge.EdgeDriver
Command: [f2289e019c74dfafdab226819278d831, findElement {value=//button[contains(text(),&apos;Add a New Contact&apos;)], using=xpath}]
Capabilities {acceptInsecureCerts: false, browserName: MicrosoftEdge, browserVersion: 131.0.2903.99, fedcm:accounts: true, ms:edgeOptions: {debuggerAddress: localhost:51268}, msedge: {msedgedriverVersion: 131.0.2903.99 (f96a870b1316..., userDataDir: C:\Users\arunp\AppData\Loca...}, networkConnectionEnabled: false, pageLoadStrategy: normal, platformName: windows, proxy: Proxy(), se:cdp: ws://localhost:51268/devtoo..., se:cdpVersion: 131.0.2903.99, setWindowRect: true, strictFileInteractability: false, timeouts: {implicit: 0, pageLoad: 300000, script: 30000}, unhandledPromptBehavior: dismiss and notify, webauthn:extension:credBlob: true, webauthn:extension:largeBlob: true, webauthn:extension:minPinLength: true, webauthn:extension:prf: true, webauthn:virtualAuthenticators: true}
Session ID: f2289e019c74dfafdab226819278d831
	at org.openqa.selenium.remote.ErrorCodec.decode(ErrorCodec.java:167)
	at org.openqa.selenium.remote.codec.w3c.W3CHttpResponseCodec.decode(W3CHttpResponseCodec.java:138)
	at org.openqa.selenium.remote.codec.w3c.W3CHttpResponseCodec.decode(W3CHttpResponseCodec.java:50)
	at org.openqa.selenium.remote.HttpCommandExecutor.execute(HttpCommandExecutor.java:190)
	at org.openqa.selenium.remote.service.DriverCommandExecutor.invokeExecute(DriverCommandExecutor.java:216)
	at org.openqa.selenium.remote.service.DriverCommandExecutor.execute(DriverCommandExecutor.java:174)
	at org.openqa.selenium.remote.RemoteWebDriver.execute(RemoteWebDriver.java:545)
	at org.openqa.selenium.remote.ElementLocation$ElementFinder$2.findElement(ElementLocation.java:165)
	at org.openqa.selenium.remote.ElementLocation.findElement(ElementLocation.java:59)
	at org.openqa.selenium.remote.RemoteWebDriver.findElement(RemoteWebDriver.java:368)
	at org.openqa.selenium.remote.RemoteWebDriver.findElement(RemoteWebDriver.java:362)
	at pages.LoginPage.clickLoginSubmit(LoginPage.java:43)
	at tests.TC_002_LoginTest.loginTest(TC_002_LoginTest.java:31)
	at java.base/java.util.ArrayList.forEach(ArrayList.java:1511)
... Removed 32 stack frames</div></td></tr></table><p class="totop"><a href="#summary">back to summary</a></p>
<h3 id="m17">tests.TC_003_ContactAdditionTest#contactAddtionTest</h3><table class="result"><tr class="param"><th>Parameter #1</th><th>Parameter #2</th><th>Parameter #3</th><th>Parameter #4</th><th>Parameter #5</th><th>Parameter #6</th><th>Parameter #7</th><th>Parameter #8</th><th>Parameter #9</th><th>Parameter #10</th><th>Parameter #11</th><th>Parameter #12</th><th>Parameter #13</th></tr><tr class="param stripe"><td>arunmtest13@gmail.com</td><td>1234567</td><td>Miller</td><td>Dave</td><td>23-06-1995</td><td>mdave@fake.com</td><td>8006666666</td><td>2 Main St</td><td>Apt. 12</td><td>Anytown</td><td>KS</td><td>12345</td><td>USA</td></tr><tr><th colspan="13">Exception</th></tr><tr><td colspan="13"><div class="stacktrace">org.openqa.selenium.NoSuchElementException: no such element: Unable to locate element: {&quot;method&quot;:&quot;xpath&quot;,&quot;selector&quot;:&quot;//button[contains(text(),&apos;Add a New Contact&apos;)]&quot;}
  (Session info: MicrosoftEdge=131.0.2903.99)
For documentation on this error, please visit: https://www.selenium.dev/documentation/webdriver/troubleshooting/errors#no-such-element-exception
Build info: version: &apos;4.27.0&apos;, revision: &apos;d6e718d134&apos;
System info: os.name: &apos;Windows 11&apos;, os.arch: &apos;amd64&apos;, os.version: &apos;10.0&apos;, java.version: &apos;17.0.8&apos;
Driver info: org.openqa.selenium.edge.EdgeDriver
Command: [3ee0893d6db189393be355395b552b70, findElement {value=//button[contains(text(),&apos;Add a New Contact&apos;)], using=xpath}]
Capabilities {acceptInsecureCerts: false, browserName: MicrosoftEdge, browserVersion: 131.0.2903.99, fedcm:accounts: true, ms:edgeOptions: {debuggerAddress: localhost:51583}, msedge: {msedgedriverVersion: 131.0.2903.99 (f96a870b1316..., userDataDir: C:\Users\arunp\AppData\Loca...}, networkConnectionEnabled: false, pageLoadStrategy: normal, platformName: windows, proxy: Proxy(), se:cdp: ws://localhost:51583/devtoo..., se:cdpVersion: 131.0.2903.99, setWindowRect: true, strictFileInteractability: false, timeouts: {implicit: 0, pageLoad: 300000, script: 30000}, unhandledPromptBehavior: dismiss and notify, webauthn:extension:credBlob: true, webauthn:extension:largeBlob: true, webauthn:extension:minPinLength: true, webauthn:extension:prf: true, webauthn:virtualAuthenticators: true}
Session ID: 3ee0893d6db189393be355395b552b70
	at org.openqa.selenium.remote.ErrorCodec.decode(ErrorCodec.java:167)
	at org.openqa.selenium.remote.codec.w3c.W3CHttpResponseCodec.decode(W3CHttpResponseCodec.java:138)
	at org.openqa.selenium.remote.codec.w3c.W3CHttpResponseCodec.decode(W3CHttpResponseCodec.java:50)
	at org.openqa.selenium.remote.HttpCommandExecutor.execute(HttpCommandExecutor.java:190)
	at org.openqa.selenium.remote.service.DriverCommandExecutor.invokeExecute(DriverCommandExecutor.java:216)
	at org.openqa.selenium.remote.service.DriverCommandExecutor.execute(DriverCommandExecutor.java:174)
	at org.openqa.selenium.remote.RemoteWebDriver.execute(RemoteWebDriver.java:545)
	at org.openqa.selenium.remote.ElementLocation$ElementFinder$2.findElement(ElementLocation.java:165)
	at org.openqa.selenium.remote.ElementLocation.findElement(ElementLocation.java:59)
	at org.openqa.selenium.remote.RemoteWebDriver.findElement(RemoteWebDriver.java:368)
	at org.openqa.selenium.remote.RemoteWebDriver.findElement(RemoteWebDriver.java:362)
	at pages.ContactAdditionPage.contactAddSubmitButton(ContactAdditionPage.java:125)
	at tests.TC_003_ContactAdditionTest.contactAddtionTest(TC_003_ContactAdditionTest.java:46)
	at java.base/java.util.ArrayList.forEach(ArrayList.java:1511)
... Removed 32 stack frames</div></td></tr></table><p class="totop"><a href="#summary">back to summary</a></p>
<h3 id="m18">tests.TC_003_ContactAdditionTest#contactAddtionTest</h3><table class="result"><tr class="param"><th>Parameter #1</th><th>Parameter #2</th><th>Parameter #3</th><th>Parameter #4</th><th>Parameter #5</th><th>Parameter #6</th><th>Parameter #7</th><th>Parameter #8</th><th>Parameter #9</th><th>Parameter #10</th><th>Parameter #11</th><th>Parameter #12</th><th>Parameter #13</th></tr><tr class="param stripe"><td>arunmtest13@gmail.com</td><td>1234567</td><td></td><td></td><td>1992-02-02</td><td>amiller@fake.com</td><td>8005554242</td><td>13 School St.</td><td>Apt. 5</td><td>Washington</td><td>QC</td><td>12345</td><td>Canada</td></tr><tr><th colspan="13">Exception</th></tr><tr><td colspan="13"><div class="stacktrace">org.openqa.selenium.NoSuchElementException: no such element: Unable to locate element: {&quot;method&quot;:&quot;xpath&quot;,&quot;selector&quot;:&quot;//button[contains(text(),&apos;Add a New Contact&apos;)]&quot;}
  (Session info: MicrosoftEdge=131.0.2903.99)
For documentation on this error, please visit: https://www.selenium.dev/documentation/webdriver/troubleshooting/errors#no-such-element-exception
Build info: version: &apos;4.27.0&apos;, revision: &apos;d6e718d134&apos;
System info: os.name: &apos;Windows 11&apos;, os.arch: &apos;amd64&apos;, os.version: &apos;10.0&apos;, java.version: &apos;17.0.8&apos;
Driver info: org.openqa.selenium.edge.EdgeDriver
Command: [06cdbb89631754cadde9d92653c99425, findElement {value=//button[contains(text(),&apos;Add a New Contact&apos;)], using=xpath}]
Capabilities {acceptInsecureCerts: false, browserName: MicrosoftEdge, browserVersion: 131.0.2903.99, fedcm:accounts: true, ms:edgeOptions: {debuggerAddress: localhost:51426}, msedge: {msedgedriverVersion: 131.0.2903.99 (f96a870b1316..., userDataDir: C:\Users\arunp\AppData\Loca...}, networkConnectionEnabled: false, pageLoadStrategy: normal, platformName: windows, proxy: Proxy(), se:cdp: ws://localhost:51426/devtoo..., se:cdpVersion: 131.0.2903.99, setWindowRect: true, strictFileInteractability: false, timeouts: {implicit: 0, pageLoad: 300000, script: 30000}, unhandledPromptBehavior: dismiss and notify, webauthn:extension:credBlob: true, webauthn:extension:largeBlob: true, webauthn:extension:minPinLength: true, webauthn:extension:prf: true, webauthn:virtualAuthenticators: true}
Session ID: 06cdbb89631754cadde9d92653c99425
	at org.openqa.selenium.remote.ErrorCodec.decode(ErrorCodec.java:167)
	at org.openqa.selenium.remote.codec.w3c.W3CHttpResponseCodec.decode(W3CHttpResponseCodec.java:138)
	at org.openqa.selenium.remote.codec.w3c.W3CHttpResponseCodec.decode(W3CHttpResponseCodec.java:50)
	at org.openqa.selenium.remote.HttpCommandExecutor.execute(HttpCommandExecutor.java:190)
	at org.openqa.selenium.remote.service.DriverCommandExecutor.invokeExecute(DriverCommandExecutor.java:216)
	at org.openqa.selenium.remote.service.DriverCommandExecutor.execute(DriverCommandExecutor.java:174)
	at org.openqa.selenium.remote.RemoteWebDriver.execute(RemoteWebDriver.java:545)
	at org.openqa.selenium.remote.ElementLocation$ElementFinder$2.findElement(ElementLocation.java:165)
	at org.openqa.selenium.remote.ElementLocation.findElement(ElementLocation.java:59)
	at org.openqa.selenium.remote.RemoteWebDriver.findElement(RemoteWebDriver.java:368)
	at org.openqa.selenium.remote.RemoteWebDriver.findElement(RemoteWebDriver.java:362)
	at pages.ContactAdditionPage.contactAddSubmitButton(ContactAdditionPage.java:125)
	at tests.TC_003_ContactAdditionTest.contactAddtionTest(TC_003_ContactAdditionTest.java:46)
	at java.base/java.util.ArrayList.forEach(ArrayList.java:1511)
... Removed 32 stack frames</div></td></tr></table><p class="totop"><a href="#summary">back to summary</a></p>
<h3 id="m19">tests.TC_004_ContactDisplayTest#contactDisplatTest</h3><table class="result"><tr class="param"><th>Parameter #1</th><th>Parameter #2</th></tr><tr class="param stripe"><td>arunmtest13@gmail.com</td><td>1234567</td></tr><tr><th colspan="2">Exception</th></tr><tr><td colspan="2"><div class="stacktrace">java.lang.AssertionError: Extension is available with the number expected [+918005555555] but found [8005555555]
	at pages.ContactDisplayPage.numberExtensionValidation(ContactDisplayPage.java:46)
	at tests.TC_004_ContactDisplayTest.contactDisplatTest(TC_004_ContactDisplayTest.java:34)
	at java.base/java.util.ArrayList.forEach(ArrayList.java:1511)
... Removed 32 stack frames</div></td></tr></table><p class="totop"><a href="#summary">back to summary</a></p>
<h3 id="m20">tests.TC_002_LoginTest#loginTest</h3><table class="result"><tr class="param"><th>Parameter #1</th><th>Parameter #2</th></tr><tr class="param stripe"><td>arunmtest13@gmail.com</td><td>1234567</td></tr></table><p class="totop"><a href="#summary">back to summary</a></p>
<h3 id="m21">tests.TC_003_ContactAdditionTest#contactAddtionTest</h3><table class="result"><tr class="param"><th>Parameter #1</th><th>Parameter #2</th><th>Parameter #3</th><th>Parameter #4</th><th>Parameter #5</th><th>Parameter #6</th><th>Parameter #7</th><th>Parameter #8</th><th>Parameter #9</th><th>Parameter #10</th><th>Parameter #11</th><th>Parameter #12</th><th>Parameter #13</th></tr><tr class="param stripe"><td>arunmtest13@gmail.com</td><td>1234567</td><td>John</td><td>Doe</td><td>1970-01-01</td><td>jdoe@fake.com</td><td>8005577777</td><td>1 Main St</td><td>Apartment A</td><td>Paris</td><td>FS</td><td>12345</td><td>France</td></tr></table><p class="totop"><a href="#summary">back to summary</a></p>
<h3 id="m22">tests.TC_003_ContactAdditionTest#contactAddtionTest</h3><table class="result"><tr class="param"><th>Parameter #1</th><th>Parameter #2</th><th>Parameter #3</th><th>Parameter #4</th><th>Parameter #5</th><th>Parameter #6</th><th>Parameter #7</th><th>Parameter #8</th><th>Parameter #9</th><th>Parameter #10</th><th>Parameter #11</th><th>Parameter #12</th><th>Parameter #13</th></tr><tr class="param stripe"><td>arunmtest13@gmail.com</td><td>1234567</td><td>Amy</td><td>Miller</td><td>1992-02-02</td><td>amiller@fake.com</td><td>8005554242</td><td>13 School St.</td><td>Apt. 5</td><td>Washington</td><td>QC</td><td>12345</td><td>Canada</td></tr></table><p class="totop"><a href="#summary">back to summary</a></p>
<h3 id="m23">tests.TC_003_ContactAdditionTest#contactAddtionTest</h3><table class="result"><tr class="param"><th>Parameter #1</th><th>Parameter #2</th><th>Parameter #3</th><th>Parameter #4</th><th>Parameter #5</th><th>Parameter #6</th><th>Parameter #7</th><th>Parameter #8</th><th>Parameter #9</th><th>Parameter #10</th><th>Parameter #11</th><th>Parameter #12</th><th>Parameter #13</th></tr><tr class="param stripe"><td>arunmtest13@gmail.com</td><td>1234567</td><td>Anna</td><td>John</td><td>1993-10-20</td><td>ajohn@fake.com</td><td>8005555555</td><td>5 School St.</td><td>Apt. 11</td><td>Sydney</td><td>NSW</td><td>12345</td><td>Australia</td></tr></table><p class="totop"><a href="#summary">back to summary</a></p>
<h3 id="m24">tests.TC_003_ContactAdditionTest#contactAddtionTest</h3><table class="result"><tr class="param"><th>Parameter #1</th><th>Parameter #2</th><th>Parameter #3</th><th>Parameter #4</th><th>Parameter #5</th><th>Parameter #6</th><th>Parameter #7</th><th>Parameter #8</th><th>Parameter #9</th><th>Parameter #10</th><th>Parameter #11</th><th>Parameter #12</th><th>Parameter #13</th></tr><tr class="param stripe"><td>arunmtest13@gmail.com</td><td>1234567</td><td>Amy</td><td>Miller</td><td>1992-02-02</td><td>amiller@fake.com</td><td>8005554242</td><td>13 School St.</td><td>Apt. 5</td><td>Washington</td><td>QC</td><td>12345</td><td>Canada</td></tr></table><p class="totop"><a href="#summary">back to summary</a></p>
<h3 id="m25">tests.TC_005_ContactEditingTest#contactEditingTest</h3><table class="result"><tr class="param"><th>Parameter #1</th><th>Parameter #2</th><th>Parameter #3</th><th>Parameter #4</th><th>Parameter #5</th><th>Parameter #6</th></tr><tr class="param stripe"><td>arunmtest13@gmail.com</td><td>1234567</td><td>Will</td><td>Jack</td><td>wjack@fake.com</td><td>9000080000</td></tr></table><p class="totop"><a href="#summary">back to summary</a></p>
<h3 id="m26">tests.TC_006_ContactDeletingTest#contactDeletingTest</h3><table class="result"><tr class="param"><th>Parameter #1</th><th>Parameter #2</th></tr><tr class="param stripe"><td>arunmtest13@gmail.com</td><td>1234567</td></tr></table><p class="totop"><a href="#summary">back to summary</a></p>
<h3 id="m27">tests.TC_007_FinalLogoutTest#finalLogoutTest</h3><table class="result"><tr class="param"><th>Parameter #1</th><th>Parameter #2</th></tr><tr class="param stripe"><td>arunmtest13@gmail.com</td><td>1234567</td></tr></table><p class="totop"><a href="#summary">back to summary</a></p>
</body>
</html>
