<!DOCTYPE html>

<html>
  <head>
  <meta charset='utf-8'>
  <title>TestNG reports</title>

    <link type="text/css" href="testng-reports1.css" rel="stylesheet" id="ultra" />
    <link type="text/css" href="testng-reports.css" rel="stylesheet" id="retro" disabled="false"/>
    <script type="text/javascript" src="jquery.min.js"></script>
    <script type="text/javascript" src="testng-reports.js"></script>
    <script type="text/javascript" src="https://www.google.com/jsapi"></script>
    <script type='text/javascript'>
      google.load('visualization', '1', {packages:['table']});
      google.setOnLoadCallback(drawTable);
      var suiteTableInitFunctions = new Array();
      var suiteTableData = new Array();
    </script>
    <!--
      <script type="text/javascript" src="jquery-ui/js/jquery-ui-1.8.16.custom.min.js"></script>
     -->
  </head>

  <body>
    <div class="top-banner-root">
      <span class="top-banner-title-font">Test results</span>
      <button id="button" class="button">Switch Retro Theme</button> <!-- button -->
      <br/>
      <span class="top-banner-font-1">1 suite, 12 failed tests</span>
    </div> <!-- top-banner-root -->
    <div class="navigator-root">
      <div class="navigator-suite-header">
        <span>All suites</span>
        <a href="#" title="Collapse/expand all the suites" class="collapse-all-link">
          <img src="collapseall.gif" class="collapse-all-icon">
          </img> <!-- collapse-all-icon -->
        </a> <!-- collapse-all-link -->
      </div> <!-- navigator-suite-header -->
      <div class="suite">
        <div class="rounded-window">
          <div class="suite-header light-rounded-window-top">
            <a href="#" panel-name="suite-Suite" class="navigator-link">
              <span class="suite-name border-failed">Suite</span>
            </a> <!-- navigator-link -->
          </div> <!-- suite-header light-rounded-window-top -->
          <div class="navigator-suite-content">
            <div class="suite-section-title">
              <span>Info</span>
            </div> <!-- suite-section-title -->
            <div class="suite-section-content">
              <ul>
                <li>
                  <a href="#" panel-name="test-xml-Suite" class="navigator-link ">
                    <span>C:\Users\arunp\eclipse-workspace\ContactListApp\testng.xml</span>
                  </a> <!-- navigator-link  -->
                </li>
                <li>
                  <a href="#" panel-name="testlist-Suite" class="navigator-link ">
                    <span class="test-stats">2 tests</span>
                  </a> <!-- navigator-link  -->
                </li>
                <li>
                  <a href="#" panel-name="group-Suite" class="navigator-link ">
                    <span>0 groups</span>
                  </a> <!-- navigator-link  -->
                </li>
                <li>
                  <a href="#" panel-name="times-Suite" class="navigator-link ">
                    <span>Times</span>
                  </a> <!-- navigator-link  -->
                </li>
                <li>
                  <a href="#" panel-name="reporter-Suite" class="navigator-link ">
                    <span>Reporter output</span>
                  </a> <!-- navigator-link  -->
                </li>
                <li>
                  <a href="#" panel-name="ignored-methods-Suite" class="navigator-link ">
                    <span>Ignored methods</span>
                  </a> <!-- navigator-link  -->
                </li>
                <li>
                  <a href="#" panel-name="chronological-Suite" class="navigator-link ">
                    <span>Chronological view</span>
                  </a> <!-- navigator-link  -->
                </li>
              </ul>
            </div> <!-- suite-section-content -->
            <div class="result-section">
              <div class="suite-section-title">
                <span>Results</span>
              </div> <!-- suite-section-title -->
              <div class="suite-section-content">
                <ul>
                  <li>
                    <span class="method-stats">28 methods, 12 failed,   16 passed</span>
                  </li>
                  <li>
                    <span class="method-list-title failed">Failed methods</span>
                    <span class="show-or-hide-methods failed">
                      <a href="#" panel-name="suite-Suite" class="hide-methods failed suite-Suite"> (hide)</a> <!-- hide-methods failed suite-Suite -->
                      <a href="#" panel-name="suite-Suite" class="show-methods failed suite-Suite"> (show)</a> <!-- show-methods failed suite-Suite -->
                    </span>
                    <div class="method-list-content failed suite-Suite">
                      <span>
                        <img src="failed.png" width="3%"/>
                        <a href="#" panel-name="suite-Suite" title="tests.TC_003_ContactAdditionTest" class="method navigator-link" hash-for-method="contactAddtionTest(arunmtest13@gmail.com, 1234567, , , 1992-02-02, amiller@fake.com, 8005554242, 13 School St., Apt. 5,...)">contactAddtionTest(arunmtest13@gmail.com, 1234567, , , 1992-02-02, amiller@fake.com, 8005554242, 13 School St., Apt. 5,...)</a> <!-- method navigator-link -->
                      </span>
                      <br/>
                      <span>
                        <img src="failed.png" width="3%"/>
                        <a href="#" panel-name="suite-Suite" title="tests.TC_003_ContactAdditionTest" class="method navigator-link" hash-for-method="contactAddtionTest(arunmtest13@gmail.com, 1234567, Miller, Dave, 23-06-1995, mdave@fake.com, 8006666666, 2 Main St, Apt...)">contactAddtionTest(arunmtest13@gmail.com, 1234567, Miller, Dave, 23-06-1995, mdave@fake.com, 8006666666, 2 Main St, Apt...)</a> <!-- method navigator-link -->
                      </span>
                      <br/>
                      <span>
                        <img src="failed.png" width="3%"/>
                        <a href="#" panel-name="suite-Suite" title="tests.TC_003_ContactAdditionTest" class="method navigator-link" hash-for-method="contactAddtionTest(arunmtest13@gmail.com, 1234567, Miller, Dave, 23-06-1995, mdave@fake.com, 8006666666, 2 Main St, Apt...)">contactAddtionTest(arunmtest13@gmail.com, 1234567, Miller, Dave, 23-06-1995, mdave@fake.com, 8006666666, 2 Main St, Apt...)</a> <!-- method navigator-link -->
                      </span>
                      <br/>
                      <span>
                        <img src="failed.png" width="3%"/>
                        <a href="#" panel-name="suite-Suite" title="tests.TC_003_ContactAdditionTest" class="method navigator-link" hash-for-method="contactAddtionTest(arunmtest13@gmail.com, 1234567, , , 1992-02-02, amiller@fake.com, 8005554242, 13 School St., Apt. 5,...)">contactAddtionTest(arunmtest13@gmail.com, 1234567, , , 1992-02-02, amiller@fake.com, 8005554242, 13 School St., Apt. 5,...)</a> <!-- method navigator-link -->
                      </span>
                      <br/>
                      <span>
                        <img src="failed.png" width="3%"/>
                        <a href="#" panel-name="suite-Suite" title="tests.TC_004_ContactDisplayTest" class="method navigator-link" hash-for-method="contactDisplatTest(arunmtest13@gmail.com, 1234567)">contactDisplatTest(arunmtest13@gmail.com, 1234567)</a> <!-- method navigator-link -->
                      </span>
                      <br/>
                      <span>
                        <img src="failed.png" width="3%"/>
                        <a href="#" panel-name="suite-Suite" title="tests.TC_004_ContactDisplayTest" class="method navigator-link" hash-for-method="contactDisplatTest(arunmtest13@gmail.com, 1234567)">contactDisplatTest(arunmtest13@gmail.com, 1234567)</a> <!-- method navigator-link -->
                      </span>
                      <br/>
                      <span>
                        <img src="failed.png" width="3%"/>
                        <a href="#" panel-name="suite-Suite" title="tests.TC_002_LoginTest" class="method navigator-link" hash-for-method="loginTest(abc, 1)">loginTest(abc, 1)</a> <!-- method navigator-link -->
                      </span>
                      <br/>
                      <span>
                        <img src="failed.png" width="3%"/>
                        <a href="#" panel-name="suite-Suite" title="tests.TC_002_LoginTest" class="method navigator-link" hash-for-method="loginTest(abc, 1)">loginTest(abc, 1)</a> <!-- method navigator-link -->
                      </span>
                      <br/>
                      <span>
                        <img src="failed.png" width="3%"/>
                        <a href="#" panel-name="suite-Suite" title="tests.TC_001_SignUpTest" class="method navigator-link" hash-for-method="signUpTest(Arun, M, arunmtest13@gmail.com, 1234567)">signUpTest(Arun, M, arunmtest13@gmail.com, 1234567)</a> <!-- method navigator-link -->
                      </span>
                      <br/>
                      <span>
                        <img src="failed.png" width="3%"/>
                        <a href="#" panel-name="suite-Suite" title="tests.TC_001_SignUpTest" class="method navigator-link" hash-for-method="signUpTest(Arun, M, abc@gmail.com, 1234567)">signUpTest(Arun, M, abc@gmail.com, 1234567)</a> <!-- method navigator-link -->
                      </span>
                      <br/>
                      <span>
                        <img src="failed.png" width="3%"/>
                        <a href="#" panel-name="suite-Suite" title="tests.TC_001_SignUpTest" class="method navigator-link" hash-for-method="signUpTest(Arun, M, arunmtest13@gmail.com, 1234567)">signUpTest(Arun, M, arunmtest13@gmail.com, 1234567)</a> <!-- method navigator-link -->
                      </span>
                      <br/>
                      <span>
                        <img src="failed.png" width="3%"/>
                        <a href="#" panel-name="suite-Suite" title="tests.TC_001_SignUpTest" class="method navigator-link" hash-for-method="signUpTest(Arun, M, abc@gmail.com, 1234567)">signUpTest(Arun, M, abc@gmail.com, 1234567)</a> <!-- method navigator-link -->
                      </span>
                      <br/>
                    </div> <!-- method-list-content failed suite-Suite -->
                  </li>
                  <li>
                    <span class="method-list-title passed">Passed methods</span>
                    <span class="show-or-hide-methods passed">
                      <a href="#" panel-name="suite-Suite" class="hide-methods passed suite-Suite"> (hide)</a> <!-- hide-methods passed suite-Suite -->
                      <a href="#" panel-name="suite-Suite" class="show-methods passed suite-Suite"> (show)</a> <!-- show-methods passed suite-Suite -->
                    </span>
                    <div class="method-list-content passed suite-Suite">
                      <span>
                        <img src="passed.png" width="3%"/>
                        <a href="#" panel-name="suite-Suite" title="tests.TC_003_ContactAdditionTest" class="method navigator-link" hash-for-method="contactAddtionTest(arunmtest13@gmail.com, 1234567, John, Doe, 1970-01-01, jdoe@fake.com, 8005577777, 1 Main St, Apartme...)">contactAddtionTest(arunmtest13@gmail.com, 1234567, John, Doe, 1970-01-01, jdoe@fake.com, 8005577777, 1 Main St, Apartme...)</a> <!-- method navigator-link -->
                      </span>
                      <br/>
                      <span>
                        <img src="passed.png" width="3%"/>
                        <a href="#" panel-name="suite-Suite" title="tests.TC_003_ContactAdditionTest" class="method navigator-link" hash-for-method="contactAddtionTest(arunmtest13@gmail.com, 1234567, Amy, Miller, 1992-02-02, amiller@fake.com, 8005554242, 13 School St....)">contactAddtionTest(arunmtest13@gmail.com, 1234567, Amy, Miller, 1992-02-02, amiller@fake.com, 8005554242, 13 School St....)</a> <!-- method navigator-link -->
                      </span>
                      <br/>
                      <span>
                        <img src="passed.png" width="3%"/>
                        <a href="#" panel-name="suite-Suite" title="tests.TC_003_ContactAdditionTest" class="method navigator-link" hash-for-method="contactAddtionTest(arunmtest13@gmail.com, 1234567, Anna, John, 1993-10-20, ajohn@fake.com, 8005555555, 5 School St., Ap...)">contactAddtionTest(arunmtest13@gmail.com, 1234567, Anna, John, 1993-10-20, ajohn@fake.com, 8005555555, 5 School St., Ap...)</a> <!-- method navigator-link -->
                      </span>
                      <br/>
                      <span>
                        <img src="passed.png" width="3%"/>
                        <a href="#" panel-name="suite-Suite" title="tests.TC_003_ContactAdditionTest" class="method navigator-link" hash-for-method="contactAddtionTest(arunmtest13@gmail.com, 1234567, Amy, Miller, 1992-02-02, amiller@fake.com, 8005554242, 13 School St....)">contactAddtionTest(arunmtest13@gmail.com, 1234567, Amy, Miller, 1992-02-02, amiller@fake.com, 8005554242, 13 School St....)</a> <!-- method navigator-link -->
                      </span>
                      <br/>
                      <span>
                        <img src="passed.png" width="3%"/>
                        <a href="#" panel-name="suite-Suite" title="tests.TC_003_ContactAdditionTest" class="method navigator-link" hash-for-method="contactAddtionTest(arunmtest13@gmail.com, 1234567, John, Doe, 1970-01-01, jdoe@fake.com, 8005577777, 1 Main St, Apartme...)">contactAddtionTest(arunmtest13@gmail.com, 1234567, John, Doe, 1970-01-01, jdoe@fake.com, 8005577777, 1 Main St, Apartme...)</a> <!-- method navigator-link -->
                      </span>
                      <br/>
                      <span>
                        <img src="passed.png" width="3%"/>
                        <a href="#" panel-name="suite-Suite" title="tests.TC_003_ContactAdditionTest" class="method navigator-link" hash-for-method="contactAddtionTest(arunmtest13@gmail.com, 1234567, Amy, Miller, 1992-02-02, amiller@fake.com, 8005554242, 13 School St....)">contactAddtionTest(arunmtest13@gmail.com, 1234567, Amy, Miller, 1992-02-02, amiller@fake.com, 8005554242, 13 School St....)</a> <!-- method navigator-link -->
                      </span>
                      <br/>
                      <span>
                        <img src="passed.png" width="3%"/>
                        <a href="#" panel-name="suite-Suite" title="tests.TC_003_ContactAdditionTest" class="method navigator-link" hash-for-method="contactAddtionTest(arunmtest13@gmail.com, 1234567, Anna, John, 1993-10-20, ajohn@fake.com, 8005555555, 5 School St., Ap...)">contactAddtionTest(arunmtest13@gmail.com, 1234567, Anna, John, 1993-10-20, ajohn@fake.com, 8005555555, 5 School St., Ap...)</a> <!-- method navigator-link -->
                      </span>
                      <br/>
                      <span>
                        <img src="passed.png" width="3%"/>
                        <a href="#" panel-name="suite-Suite" title="tests.TC_003_ContactAdditionTest" class="method navigator-link" hash-for-method="contactAddtionTest(arunmtest13@gmail.com, 1234567, Amy, Miller, 1992-02-02, amiller@fake.com, 8005554242, 13 School St....)">contactAddtionTest(arunmtest13@gmail.com, 1234567, Amy, Miller, 1992-02-02, amiller@fake.com, 8005554242, 13 School St....)</a> <!-- method navigator-link -->
                      </span>
                      <br/>
                      <span>
                        <img src="passed.png" width="3%"/>
                        <a href="#" panel-name="suite-Suite" title="tests.TC_006_ContactDeletingTest" class="method navigator-link" hash-for-method="contactDeletingTest(arunmtest13@gmail.com, 1234567)">contactDeletingTest(arunmtest13@gmail.com, 1234567)</a> <!-- method navigator-link -->
                      </span>
                      <br/>
                      <span>
                        <img src="passed.png" width="3%"/>
                        <a href="#" panel-name="suite-Suite" title="tests.TC_006_ContactDeletingTest" class="method navigator-link" hash-for-method="contactDeletingTest(arunmtest13@gmail.com, 1234567)">contactDeletingTest(arunmtest13@gmail.com, 1234567)</a> <!-- method navigator-link -->
                      </span>
                      <br/>
                      <span>
                        <img src="passed.png" width="3%"/>
                        <a href="#" panel-name="suite-Suite" title="tests.TC_005_ContactEditingTest" class="method navigator-link" hash-for-method="contactEditingTest(arunmtest13@gmail.com, 1234567, Will, Jack, wjack@fake.com, 9000080000)">contactEditingTest(arunmtest13@gmail.com, 1234567, Will, Jack, wjack@fake.com, 9000080000)</a> <!-- method navigator-link -->
                      </span>
                      <br/>
                      <span>
                        <img src="passed.png" width="3%"/>
                        <a href="#" panel-name="suite-Suite" title="tests.TC_005_ContactEditingTest" class="method navigator-link" hash-for-method="contactEditingTest(arunmtest13@gmail.com, 1234567, Will, Jack, wjack@fake.com, 9000080000)">contactEditingTest(arunmtest13@gmail.com, 1234567, Will, Jack, wjack@fake.com, 9000080000)</a> <!-- method navigator-link -->
                      </span>
                      <br/>
                      <span>
                        <img src="passed.png" width="3%"/>
                        <a href="#" panel-name="suite-Suite" title="tests.TC_007_FinalLogoutTest" class="method navigator-link" hash-for-method="finalLogoutTest(arunmtest13@gmail.com, 1234567)">finalLogoutTest(arunmtest13@gmail.com, 1234567)</a> <!-- method navigator-link -->
                      </span>
                      <br/>
                      <span>
                        <img src="passed.png" width="3%"/>
                        <a href="#" panel-name="suite-Suite" title="tests.TC_007_FinalLogoutTest" class="method navigator-link" hash-for-method="finalLogoutTest(arunmtest13@gmail.com, 1234567)">finalLogoutTest(arunmtest13@gmail.com, 1234567)</a> <!-- method navigator-link -->
                      </span>
                      <br/>
                      <span>
                        <img src="passed.png" width="3%"/>
                        <a href="#" panel-name="suite-Suite" title="tests.TC_002_LoginTest" class="method navigator-link" hash-for-method="loginTest(arunmtest13@gmail.com, 1234567)">loginTest(arunmtest13@gmail.com, 1234567)</a> <!-- method navigator-link -->
                      </span>
                      <br/>
                      <span>
                        <img src="passed.png" width="3%"/>
                        <a href="#" panel-name="suite-Suite" title="tests.TC_002_LoginTest" class="method navigator-link" hash-for-method="loginTest(arunmtest13@gmail.com, 1234567)">loginTest(arunmtest13@gmail.com, 1234567)</a> <!-- method navigator-link -->
                      </span>
                      <br/>
                    </div> <!-- method-list-content passed suite-Suite -->
                  </li>
                </ul>
              </div> <!-- suite-section-content -->
            </div> <!-- result-section -->
          </div> <!-- navigator-suite-content -->
        </div> <!-- rounded-window -->
      </div> <!-- suite -->
    </div> <!-- navigator-root -->
    <div class="wrapper">
      <div class="main-panel-root">
        <div panel-name="suite-Suite" class="panel Suite">
          <div class="suite-Suite-class-failed">
            <div class="main-panel-header rounded-window-top">
              <img src="failed.png"/>
              <span class="class-name">tests.TC_002_LoginTest</span>
            </div> <!-- main-panel-header rounded-window-top -->
            <div class="main-panel-content rounded-window-bottom">
              <div class="method">
                <div class="method-content">
                  <a name="loginTest(abc, 1)">
                  </a> <!-- loginTest(abc, 1) -->
                  <span class="method-name">loginTest</span>
                  <span class="parameters">(abc, 1)</span>
                  <div class="stack-trace">org.openqa.selenium.NoSuchElementException: no such element: Unable to locate element: {&quot;method&quot;:&quot;xpath&quot;,&quot;selector&quot;:&quot;//button[contains(text(),&apos;Add a New Contact&apos;)]&quot;}
  (Session info: chrome=131.0.6778.140)
For documentation on this error, please visit: https://www.selenium.dev/documentation/webdriver/troubleshooting/errors#no-such-element-exception
Build info: version: &apos;4.27.0&apos;, revision: &apos;d6e718d134&apos;
System info: os.name: &apos;Windows 11&apos;, os.arch: &apos;amd64&apos;, os.version: &apos;10.0&apos;, java.version: &apos;17.0.8&apos;
Driver info: org.openqa.selenium.chrome.ChromeDriver
Command: [706728b4d7dc33da38db0001c3a0c569, findElement {value=//button[contains(text(),&apos;Add a New Contact&apos;)], using=xpath}]
Capabilities {acceptInsecureCerts: false, browserName: chrome, browserVersion: 131.0.6778.140, chrome: {chromedriverVersion: 131.0.6778.108 (3b014839fbc..., userDataDir: C:\Users\arunp\AppData\Loca...}, fedcm:accounts: true, goog:chromeOptions: {debuggerAddress: localhost:50815}, networkConnectionEnabled: false, pageLoadStrategy: normal, platformName: windows, proxy: Proxy(), se:cdp: ws://localhost:50815/devtoo..., se:cdpVersion: 131.0.6778.140, setWindowRect: true, strictFileInteractability: false, timeouts: {implicit: 0, pageLoad: 300000, script: 30000}, unhandledPromptBehavior: dismiss and notify, webauthn:extension:credBlob: true, webauthn:extension:largeBlob: true, webauthn:extension:minPinLength: true, webauthn:extension:prf: true, webauthn:virtualAuthenticators: true}
Session ID: 706728b4d7dc33da38db0001c3a0c569
	at org.openqa.selenium.remote.ErrorCodec.decode(ErrorCodec.java:167)
	at org.openqa.selenium.remote.codec.w3c.W3CHttpResponseCodec.decode(W3CHttpResponseCodec.java:138)
	at org.openqa.selenium.remote.codec.w3c.W3CHttpResponseCodec.decode(W3CHttpResponseCodec.java:50)
	at org.openqa.selenium.remote.HttpCommandExecutor.execute(HttpCommandExecutor.java:190)
	at org.openqa.selenium.remote.service.DriverCommandExecutor.invokeExecute(DriverCommandExecutor.java:216)
	at org.openqa.selenium.remote.service.DriverCommandExecutor.execute(DriverCommandExecutor.java:174)
	at org.openqa.selenium.remote.RemoteWebDriver.execute(RemoteWebDriver.java:545)
	at org.openqa.selenium.remote.ElementLocation$ElementFinder$2.findElement(ElementLocation.java:165)
	at org.openqa.selenium.remote.ElementLocation.findElement(ElementLocation.java:59)
	at org.openqa.selenium.remote.RemoteWebDriver.findElement(RemoteWebDriver.java:368)
	at org.openqa.selenium.remote.RemoteWebDriver.findElement(RemoteWebDriver.java:362)
	at pages.LoginPage.clickLoginSubmit(LoginPage.java:43)
	at tests.TC_002_LoginTest.loginTest(TC_002_LoginTest.java:31)
	at java.base/java.util.ArrayList.forEach(ArrayList.java:1511)
... Removed 32 stack frames
</div> <!-- stack-trace -->
                </div> <!-- method-content -->
              </div> <!-- method -->
              <div class="method">
                <div class="method-content">
                  <a name="loginTest(abc, 1)">
                  </a> <!-- loginTest(abc, 1) -->
                  <span class="method-name">loginTest</span>
                  <span class="parameters">(abc, 1)</span>
                  <div class="stack-trace">org.openqa.selenium.NoSuchElementException: no such element: Unable to locate element: {&quot;method&quot;:&quot;xpath&quot;,&quot;selector&quot;:&quot;//button[contains(text(),&apos;Add a New Contact&apos;)]&quot;}
  (Session info: MicrosoftEdge=131.0.2903.99)
For documentation on this error, please visit: https://www.selenium.dev/documentation/webdriver/troubleshooting/errors#no-such-element-exception
Build info: version: &apos;4.27.0&apos;, revision: &apos;d6e718d134&apos;
System info: os.name: &apos;Windows 11&apos;, os.arch: &apos;amd64&apos;, os.version: &apos;10.0&apos;, java.version: &apos;17.0.8&apos;
Driver info: org.openqa.selenium.edge.EdgeDriver
Command: [f2289e019c74dfafdab226819278d831, findElement {value=//button[contains(text(),&apos;Add a New Contact&apos;)], using=xpath}]
Capabilities {acceptInsecureCerts: false, browserName: MicrosoftEdge, browserVersion: 131.0.2903.99, fedcm:accounts: true, ms:edgeOptions: {debuggerAddress: localhost:51268}, msedge: {msedgedriverVersion: 131.0.2903.99 (f96a870b1316..., userDataDir: C:\Users\arunp\AppData\Loca...}, networkConnectionEnabled: false, pageLoadStrategy: normal, platformName: windows, proxy: Proxy(), se:cdp: ws://localhost:51268/devtoo..., se:cdpVersion: 131.0.2903.99, setWindowRect: true, strictFileInteractability: false, timeouts: {implicit: 0, pageLoad: 300000, script: 30000}, unhandledPromptBehavior: dismiss and notify, webauthn:extension:credBlob: true, webauthn:extension:largeBlob: true, webauthn:extension:minPinLength: true, webauthn:extension:prf: true, webauthn:virtualAuthenticators: true}
Session ID: f2289e019c74dfafdab226819278d831
	at org.openqa.selenium.remote.ErrorCodec.decode(ErrorCodec.java:167)
	at org.openqa.selenium.remote.codec.w3c.W3CHttpResponseCodec.decode(W3CHttpResponseCodec.java:138)
	at org.openqa.selenium.remote.codec.w3c.W3CHttpResponseCodec.decode(W3CHttpResponseCodec.java:50)
	at org.openqa.selenium.remote.HttpCommandExecutor.execute(HttpCommandExecutor.java:190)
	at org.openqa.selenium.remote.service.DriverCommandExecutor.invokeExecute(DriverCommandExecutor.java:216)
	at org.openqa.selenium.remote.service.DriverCommandExecutor.execute(DriverCommandExecutor.java:174)
	at org.openqa.selenium.remote.RemoteWebDriver.execute(RemoteWebDriver.java:545)
	at org.openqa.selenium.remote.ElementLocation$ElementFinder$2.findElement(ElementLocation.java:165)
	at org.openqa.selenium.remote.ElementLocation.findElement(ElementLocation.java:59)
	at org.openqa.selenium.remote.RemoteWebDriver.findElement(RemoteWebDriver.java:368)
	at org.openqa.selenium.remote.RemoteWebDriver.findElement(RemoteWebDriver.java:362)
	at pages.LoginPage.clickLoginSubmit(LoginPage.java:43)
	at tests.TC_002_LoginTest.loginTest(TC_002_LoginTest.java:31)
	at java.base/java.util.ArrayList.forEach(ArrayList.java:1511)
... Removed 32 stack frames
</div> <!-- stack-trace -->
                </div> <!-- method-content -->
              </div> <!-- method -->
            </div> <!-- main-panel-content rounded-window-bottom -->
          </div> <!-- suite-Suite-class-failed -->
          <div class="suite-Suite-class-failed">
            <div class="main-panel-header rounded-window-top">
              <img src="failed.png"/>
              <span class="class-name">tests.TC_001_SignUpTest</span>
            </div> <!-- main-panel-header rounded-window-top -->
            <div class="main-panel-content rounded-window-bottom">
              <div class="method">
                <div class="method-content">
                  <a name="signUpTest(Arun, M, arunmtest13@gmail.com, 1234567)">
                  </a> <!-- signUpTest(Arun, M, arunmtest13@gmail.com, 1234567) -->
                  <span class="method-name">signUpTest</span>
                  <span class="parameters">(Arun, M, arunmtest13@gmail.com, 1234567)</span>
                  <div class="stack-trace">org.openqa.selenium.NoSuchElementException: no such element: Unable to locate element: {&quot;method&quot;:&quot;xpath&quot;,&quot;selector&quot;:&quot;//span[contains(text(),&apos;Email address is already in use&apos;)]&quot;}
  (Session info: chrome=131.0.6778.140)
For documentation on this error, please visit: https://www.selenium.dev/documentation/webdriver/troubleshooting/errors#no-such-element-exception
Build info: version: &apos;4.27.0&apos;, revision: &apos;d6e718d134&apos;
System info: os.name: &apos;Windows 11&apos;, os.arch: &apos;amd64&apos;, os.version: &apos;10.0&apos;, java.version: &apos;17.0.8&apos;
Driver info: org.openqa.selenium.chrome.ChromeDriver
Command: [0029bca18c930cdd37250fc026af2c32, findElement {value=//span[contains(text(),&apos;Email address is already in use&apos;)], using=xpath}]
Capabilities {acceptInsecureCerts: false, browserName: chrome, browserVersion: 131.0.6778.140, chrome: {chromedriverVersion: 131.0.6778.108 (3b014839fbc..., userDataDir: C:\Users\arunp\AppData\Loca...}, fedcm:accounts: true, goog:chromeOptions: {debuggerAddress: localhost:50749}, networkConnectionEnabled: false, pageLoadStrategy: normal, platformName: windows, proxy: Proxy(), se:cdp: ws://localhost:50749/devtoo..., se:cdpVersion: 131.0.6778.140, setWindowRect: true, strictFileInteractability: false, timeouts: {implicit: 0, pageLoad: 300000, script: 30000}, unhandledPromptBehavior: dismiss and notify, webauthn:extension:credBlob: true, webauthn:extension:largeBlob: true, webauthn:extension:minPinLength: true, webauthn:extension:prf: true, webauthn:virtualAuthenticators: true}
Session ID: 0029bca18c930cdd37250fc026af2c32
	at org.openqa.selenium.remote.ErrorCodec.decode(ErrorCodec.java:167)
	at org.openqa.selenium.remote.codec.w3c.W3CHttpResponseCodec.decode(W3CHttpResponseCodec.java:138)
	at org.openqa.selenium.remote.codec.w3c.W3CHttpResponseCodec.decode(W3CHttpResponseCodec.java:50)
	at org.openqa.selenium.remote.HttpCommandExecutor.execute(HttpCommandExecutor.java:190)
	at org.openqa.selenium.remote.service.DriverCommandExecutor.invokeExecute(DriverCommandExecutor.java:216)
	at org.openqa.selenium.remote.service.DriverCommandExecutor.execute(DriverCommandExecutor.java:174)
	at org.openqa.selenium.remote.RemoteWebDriver.execute(RemoteWebDriver.java:545)
	at org.openqa.selenium.remote.ElementLocation$ElementFinder$2.findElement(ElementLocation.java:165)
	at org.openqa.selenium.remote.ElementLocation.findElement(ElementLocation.java:59)
	at org.openqa.selenium.remote.RemoteWebDriver.findElement(RemoteWebDriver.java:368)
	at org.openqa.selenium.remote.RemoteWebDriver.findElement(RemoteWebDriver.java:362)
	at pages.SignUpPage.signUpSubmitButton(SignUpPage.java:61)
	at tests.TC_001_SignUpTest.signUpTest(TC_001_SignUpTest.java:33)
	at java.base/java.util.ArrayList.forEach(ArrayList.java:1511)
... Removed 32 stack frames
</div> <!-- stack-trace -->
                </div> <!-- method-content -->
              </div> <!-- method -->
              <div class="method">
                <div class="method-content">
                  <a name="signUpTest(Arun, M, abc@gmail.com, 1234567)">
                  </a> <!-- signUpTest(Arun, M, abc@gmail.com, 1234567) -->
                  <span class="method-name">signUpTest</span>
                  <span class="parameters">(Arun, M, abc@gmail.com, 1234567)</span>
                  <div class="stack-trace">java.lang.AssertionError: expected [false] but found [true]
	at pages.SignUpPage.signUpSubmitButton(SignUpPage.java:62)
	at tests.TC_001_SignUpTest.signUpTest(TC_001_SignUpTest.java:33)
	at java.base/java.util.ArrayList.forEach(ArrayList.java:1511)
... Removed 31 stack frames
</div> <!-- stack-trace -->
                </div> <!-- method-content -->
              </div> <!-- method -->
              <div class="method">
                <div class="method-content">
                  <a name="signUpTest(Arun, M, arunmtest13@gmail.com, 1234567)">
                  </a> <!-- signUpTest(Arun, M, arunmtest13@gmail.com, 1234567) -->
                  <span class="method-name">signUpTest</span>
                  <span class="parameters">(Arun, M, arunmtest13@gmail.com, 1234567)</span>
                  <div class="stack-trace">java.lang.AssertionError: expected [false] but found [true]
	at pages.SignUpPage.signUpSubmitButton(SignUpPage.java:62)
	at tests.TC_001_SignUpTest.signUpTest(TC_001_SignUpTest.java:33)
	at java.base/java.util.ArrayList.forEach(ArrayList.java:1511)
... Removed 31 stack frames
</div> <!-- stack-trace -->
                </div> <!-- method-content -->
              </div> <!-- method -->
              <div class="method">
                <div class="method-content">
                  <a name="signUpTest(Arun, M, abc@gmail.com, 1234567)">
                  </a> <!-- signUpTest(Arun, M, abc@gmail.com, 1234567) -->
                  <span class="method-name">signUpTest</span>
                  <span class="parameters">(Arun, M, abc@gmail.com, 1234567)</span>
                  <div class="stack-trace">java.lang.AssertionError: expected [false] but found [true]
	at pages.SignUpPage.signUpSubmitButton(SignUpPage.java:62)
	at tests.TC_001_SignUpTest.signUpTest(TC_001_SignUpTest.java:33)
	at java.base/java.util.ArrayList.forEach(ArrayList.java:1511)
... Removed 31 stack frames
</div> <!-- stack-trace -->
                </div> <!-- method-content -->
              </div> <!-- method -->
            </div> <!-- main-panel-content rounded-window-bottom -->
          </div> <!-- suite-Suite-class-failed -->
          <div class="suite-Suite-class-failed">
            <div class="main-panel-header rounded-window-top">
              <img src="failed.png"/>
              <span class="class-name">tests.TC_004_ContactDisplayTest</span>
            </div> <!-- main-panel-header rounded-window-top -->
            <div class="main-panel-content rounded-window-bottom">
              <div class="method">
                <div class="method-content">
                  <a name="contactDisplatTest(arunmtest13@gmail.com, 1234567)">
                  </a> <!-- contactDisplatTest(arunmtest13@gmail.com, 1234567) -->
                  <span class="method-name">contactDisplatTest</span>
                  <span class="parameters">(arunmtest13@gmail.com, 1234567)</span>
                  <div class="stack-trace">java.lang.AssertionError: Extension is available with the number expected [+918005555555] but found [8005555555]
	at pages.ContactDisplayPage.numberExtensionValidation(ContactDisplayPage.java:46)
	at tests.TC_004_ContactDisplayTest.contactDisplatTest(TC_004_ContactDisplayTest.java:34)
	at java.base/java.util.ArrayList.forEach(ArrayList.java:1511)
... Removed 32 stack frames
</div> <!-- stack-trace -->
                </div> <!-- method-content -->
              </div> <!-- method -->
              <div class="method">
                <div class="method-content">
                  <a name="contactDisplatTest(arunmtest13@gmail.com, 1234567)">
                  </a> <!-- contactDisplatTest(arunmtest13@gmail.com, 1234567) -->
                  <span class="method-name">contactDisplatTest</span>
                  <span class="parameters">(arunmtest13@gmail.com, 1234567)</span>
                  <div class="stack-trace">java.lang.AssertionError: Extension is available with the number expected [+918005555555] but found [8005555555]
	at pages.ContactDisplayPage.numberExtensionValidation(ContactDisplayPage.java:46)
	at tests.TC_004_ContactDisplayTest.contactDisplatTest(TC_004_ContactDisplayTest.java:34)
	at java.base/java.util.ArrayList.forEach(ArrayList.java:1511)
... Removed 32 stack frames
</div> <!-- stack-trace -->
                </div> <!-- method-content -->
              </div> <!-- method -->
            </div> <!-- main-panel-content rounded-window-bottom -->
          </div> <!-- suite-Suite-class-failed -->
          <div class="suite-Suite-class-failed">
            <div class="main-panel-header rounded-window-top">
              <img src="failed.png"/>
              <span class="class-name">tests.TC_003_ContactAdditionTest</span>
            </div> <!-- main-panel-header rounded-window-top -->
            <div class="main-panel-content rounded-window-bottom">
              <div class="method">
                <div class="method-content">
                  <a name="contactAddtionTest(arunmtest13@gmail.com, 1234567, , , 1992-02-02, amiller@fake.com, 8005554242, 13 School St., Apt. 5,...)">
                  </a> <!-- contactAddtionTest(arunmtest13@gmail.com, 1234567, , , 1992-02-02, amiller@fake.com, 8005554242, 13 School St., Apt. 5,...) -->
                  <span class="method-name">contactAddtionTest</span>
                  <span class="parameters">(arunmtest13@gmail.com, 1234567, , , 1992-02-02, amiller@fake.com, 8005554242, 13 School St., Apt. 5, Washington, QC, 12345, Canada)</span>
                  <div class="stack-trace">org.openqa.selenium.NoSuchElementException: no such element: Unable to locate element: {&quot;method&quot;:&quot;xpath&quot;,&quot;selector&quot;:&quot;//button[contains(text(),&apos;Add a New Contact&apos;)]&quot;}
  (Session info: chrome=131.0.6778.140)
For documentation on this error, please visit: https://www.selenium.dev/documentation/webdriver/troubleshooting/errors#no-such-element-exception
Build info: version: &apos;4.27.0&apos;, revision: &apos;d6e718d134&apos;
System info: os.name: &apos;Windows 11&apos;, os.arch: &apos;amd64&apos;, os.version: &apos;10.0&apos;, java.version: &apos;17.0.8&apos;
Driver info: org.openqa.selenium.chrome.ChromeDriver
Command: [57e7de4666b9d006354694f83e50b834, findElement {value=//button[contains(text(),&apos;Add a New Contact&apos;)], using=xpath}]
Capabilities {acceptInsecureCerts: false, browserName: chrome, browserVersion: 131.0.6778.140, chrome: {chromedriverVersion: 131.0.6778.108 (3b014839fbc..., userDataDir: C:\Users\arunp\AppData\Loca...}, fedcm:accounts: true, goog:chromeOptions: {debuggerAddress: localhost:50903}, networkConnectionEnabled: false, pageLoadStrategy: normal, platformName: windows, proxy: Proxy(), se:cdp: ws://localhost:50903/devtoo..., se:cdpVersion: 131.0.6778.140, setWindowRect: true, strictFileInteractability: false, timeouts: {implicit: 0, pageLoad: 300000, script: 30000}, unhandledPromptBehavior: dismiss and notify, webauthn:extension:credBlob: true, webauthn:extension:largeBlob: true, webauthn:extension:minPinLength: true, webauthn:extension:prf: true, webauthn:virtualAuthenticators: true}
Session ID: 57e7de4666b9d006354694f83e50b834
	at org.openqa.selenium.remote.ErrorCodec.decode(ErrorCodec.java:167)
	at org.openqa.selenium.remote.codec.w3c.W3CHttpResponseCodec.decode(W3CHttpResponseCodec.java:138)
	at org.openqa.selenium.remote.codec.w3c.W3CHttpResponseCodec.decode(W3CHttpResponseCodec.java:50)
	at org.openqa.selenium.remote.HttpCommandExecutor.execute(HttpCommandExecutor.java:190)
	at org.openqa.selenium.remote.service.DriverCommandExecutor.invokeExecute(DriverCommandExecutor.java:216)
	at org.openqa.selenium.remote.service.DriverCommandExecutor.execute(DriverCommandExecutor.java:174)
	at org.openqa.selenium.remote.RemoteWebDriver.execute(RemoteWebDriver.java:545)
	at org.openqa.selenium.remote.ElementLocation$ElementFinder$2.findElement(ElementLocation.java:165)
	at org.openqa.selenium.remote.ElementLocation.findElement(ElementLocation.java:59)
	at org.openqa.selenium.remote.RemoteWebDriver.findElement(RemoteWebDriver.java:368)
	at org.openqa.selenium.remote.RemoteWebDriver.findElement(RemoteWebDriver.java:362)
	at pages.ContactAdditionPage.contactAddSubmitButton(ContactAdditionPage.java:125)
	at tests.TC_003_ContactAdditionTest.contactAddtionTest(TC_003_ContactAdditionTest.java:46)
	at java.base/java.util.ArrayList.forEach(ArrayList.java:1511)
... Removed 32 stack frames
</div> <!-- stack-trace -->
                </div> <!-- method-content -->
              </div> <!-- method -->
              <div class="method">
                <div class="method-content">
                  <a name="contactAddtionTest(arunmtest13@gmail.com, 1234567, Miller, Dave, 23-06-1995, mdave@fake.com, 8006666666, 2 Main St, Apt...)">
                  </a> <!-- contactAddtionTest(arunmtest13@gmail.com, 1234567, Miller, Dave, 23-06-1995, mdave@fake.com, 8006666666, 2 Main St, Apt...) -->
                  <span class="method-name">contactAddtionTest</span>
                  <span class="parameters">(arunmtest13@gmail.com, 1234567, Miller, Dave, 23-06-1995, mdave@fake.com, 8006666666, 2 Main St, Apt. 12, Anytown, KS, 12345, USA)</span>
                  <div class="stack-trace">org.openqa.selenium.NoSuchElementException: no such element: Unable to locate element: {&quot;method&quot;:&quot;xpath&quot;,&quot;selector&quot;:&quot;//button[contains(text(),&apos;Add a New Contact&apos;)]&quot;}
  (Session info: chrome=131.0.6778.140)
For documentation on this error, please visit: https://www.selenium.dev/documentation/webdriver/troubleshooting/errors#no-such-element-exception
Build info: version: &apos;4.27.0&apos;, revision: &apos;d6e718d134&apos;
System info: os.name: &apos;Windows 11&apos;, os.arch: &apos;amd64&apos;, os.version: &apos;10.0&apos;, java.version: &apos;17.0.8&apos;
Driver info: org.openqa.selenium.chrome.ChromeDriver
Command: [bfacd95cffbb96ac08c663fc143fca1d, findElement {value=//button[contains(text(),&apos;Add a New Contact&apos;)], using=xpath}]
Capabilities {acceptInsecureCerts: false, browserName: chrome, browserVersion: 131.0.6778.140, chrome: {chromedriverVersion: 131.0.6778.108 (3b014839fbc..., userDataDir: C:\Users\arunp\AppData\Loca...}, fedcm:accounts: true, goog:chromeOptions: {debuggerAddress: localhost:51004}, networkConnectionEnabled: false, pageLoadStrategy: normal, platformName: windows, proxy: Proxy(), se:cdp: ws://localhost:51004/devtoo..., se:cdpVersion: 131.0.6778.140, setWindowRect: true, strictFileInteractability: false, timeouts: {implicit: 0, pageLoad: 300000, script: 30000}, unhandledPromptBehavior: dismiss and notify, webauthn:extension:credBlob: true, webauthn:extension:largeBlob: true, webauthn:extension:minPinLength: true, webauthn:extension:prf: true, webauthn:virtualAuthenticators: true}
Session ID: bfacd95cffbb96ac08c663fc143fca1d
	at org.openqa.selenium.remote.ErrorCodec.decode(ErrorCodec.java:167)
	at org.openqa.selenium.remote.codec.w3c.W3CHttpResponseCodec.decode(W3CHttpResponseCodec.java:138)
	at org.openqa.selenium.remote.codec.w3c.W3CHttpResponseCodec.decode(W3CHttpResponseCodec.java:50)
	at org.openqa.selenium.remote.HttpCommandExecutor.execute(HttpCommandExecutor.java:190)
	at org.openqa.selenium.remote.service.DriverCommandExecutor.invokeExecute(DriverCommandExecutor.java:216)
	at org.openqa.selenium.remote.service.DriverCommandExecutor.execute(DriverCommandExecutor.java:174)
	at org.openqa.selenium.remote.RemoteWebDriver.execute(RemoteWebDriver.java:545)
	at org.openqa.selenium.remote.ElementLocation$ElementFinder$2.findElement(ElementLocation.java:165)
	at org.openqa.selenium.remote.ElementLocation.findElement(ElementLocation.java:59)
	at org.openqa.selenium.remote.RemoteWebDriver.findElement(RemoteWebDriver.java:368)
	at org.openqa.selenium.remote.RemoteWebDriver.findElement(RemoteWebDriver.java:362)
	at pages.ContactAdditionPage.contactAddSubmitButton(ContactAdditionPage.java:125)
	at tests.TC_003_ContactAdditionTest.contactAddtionTest(TC_003_ContactAdditionTest.java:46)
	at java.base/java.util.ArrayList.forEach(ArrayList.java:1511)
... Removed 32 stack frames
</div> <!-- stack-trace -->
                </div> <!-- method-content -->
              </div> <!-- method -->
              <div class="method">
                <div class="method-content">
                  <a name="contactAddtionTest(arunmtest13@gmail.com, 1234567, Miller, Dave, 23-06-1995, mdave@fake.com, 8006666666, 2 Main St, Apt...)">
                  </a> <!-- contactAddtionTest(arunmtest13@gmail.com, 1234567, Miller, Dave, 23-06-1995, mdave@fake.com, 8006666666, 2 Main St, Apt...) -->
                  <span class="method-name">contactAddtionTest</span>
                  <span class="parameters">(arunmtest13@gmail.com, 1234567, Miller, Dave, 23-06-1995, mdave@fake.com, 8006666666, 2 Main St, Apt. 12, Anytown, KS, 12345, USA)</span>
                  <div class="stack-trace">org.openqa.selenium.NoSuchElementException: no such element: Unable to locate element: {&quot;method&quot;:&quot;xpath&quot;,&quot;selector&quot;:&quot;//button[contains(text(),&apos;Add a New Contact&apos;)]&quot;}
  (Session info: MicrosoftEdge=131.0.2903.99)
For documentation on this error, please visit: https://www.selenium.dev/documentation/webdriver/troubleshooting/errors#no-such-element-exception
Build info: version: &apos;4.27.0&apos;, revision: &apos;d6e718d134&apos;
System info: os.name: &apos;Windows 11&apos;, os.arch: &apos;amd64&apos;, os.version: &apos;10.0&apos;, java.version: &apos;17.0.8&apos;
Driver info: org.openqa.selenium.edge.EdgeDriver
Command: [3ee0893d6db189393be355395b552b70, findElement {value=//button[contains(text(),&apos;Add a New Contact&apos;)], using=xpath}]
Capabilities {acceptInsecureCerts: false, browserName: MicrosoftEdge, browserVersion: 131.0.2903.99, fedcm:accounts: true, ms:edgeOptions: {debuggerAddress: localhost:51583}, msedge: {msedgedriverVersion: 131.0.2903.99 (f96a870b1316..., userDataDir: C:\Users\arunp\AppData\Loca...}, networkConnectionEnabled: false, pageLoadStrategy: normal, platformName: windows, proxy: Proxy(), se:cdp: ws://localhost:51583/devtoo..., se:cdpVersion: 131.0.2903.99, setWindowRect: true, strictFileInteractability: false, timeouts: {implicit: 0, pageLoad: 300000, script: 30000}, unhandledPromptBehavior: dismiss and notify, webauthn:extension:credBlob: true, webauthn:extension:largeBlob: true, webauthn:extension:minPinLength: true, webauthn:extension:prf: true, webauthn:virtualAuthenticators: true}
Session ID: 3ee0893d6db189393be355395b552b70
	at org.openqa.selenium.remote.ErrorCodec.decode(ErrorCodec.java:167)
	at org.openqa.selenium.remote.codec.w3c.W3CHttpResponseCodec.decode(W3CHttpResponseCodec.java:138)
	at org.openqa.selenium.remote.codec.w3c.W3CHttpResponseCodec.decode(W3CHttpResponseCodec.java:50)
	at org.openqa.selenium.remote.HttpCommandExecutor.execute(HttpCommandExecutor.java:190)
	at org.openqa.selenium.remote.service.DriverCommandExecutor.invokeExecute(DriverCommandExecutor.java:216)
	at org.openqa.selenium.remote.service.DriverCommandExecutor.execute(DriverCommandExecutor.java:174)
	at org.openqa.selenium.remote.RemoteWebDriver.execute(RemoteWebDriver.java:545)
	at org.openqa.selenium.remote.ElementLocation$ElementFinder$2.findElement(ElementLocation.java:165)
	at org.openqa.selenium.remote.ElementLocation.findElement(ElementLocation.java:59)
	at org.openqa.selenium.remote.RemoteWebDriver.findElement(RemoteWebDriver.java:368)
	at org.openqa.selenium.remote.RemoteWebDriver.findElement(RemoteWebDriver.java:362)
	at pages.ContactAdditionPage.contactAddSubmitButton(ContactAdditionPage.java:125)
	at tests.TC_003_ContactAdditionTest.contactAddtionTest(TC_003_ContactAdditionTest.java:46)
	at java.base/java.util.ArrayList.forEach(ArrayList.java:1511)
... Removed 32 stack frames
</div> <!-- stack-trace -->
                </div> <!-- method-content -->
              </div> <!-- method -->
              <div class="method">
                <div class="method-content">
                  <a name="contactAddtionTest(arunmtest13@gmail.com, 1234567, , , 1992-02-02, amiller@fake.com, 8005554242, 13 School St., Apt. 5,...)">
                  </a> <!-- contactAddtionTest(arunmtest13@gmail.com, 1234567, , , 1992-02-02, amiller@fake.com, 8005554242, 13 School St., Apt. 5,...) -->
                  <span class="method-name">contactAddtionTest</span>
                  <span class="parameters">(arunmtest13@gmail.com, 1234567, , , 1992-02-02, amiller@fake.com, 8005554242, 13 School St., Apt. 5, Washington, QC, 12345, Canada)</span>
                  <div class="stack-trace">org.openqa.selenium.NoSuchElementException: no such element: Unable to locate element: {&quot;method&quot;:&quot;xpath&quot;,&quot;selector&quot;:&quot;//button[contains(text(),&apos;Add a New Contact&apos;)]&quot;}
  (Session info: MicrosoftEdge=131.0.2903.99)
For documentation on this error, please visit: https://www.selenium.dev/documentation/webdriver/troubleshooting/errors#no-such-element-exception
Build info: version: &apos;4.27.0&apos;, revision: &apos;d6e718d134&apos;
System info: os.name: &apos;Windows 11&apos;, os.arch: &apos;amd64&apos;, os.version: &apos;10.0&apos;, java.version: &apos;17.0.8&apos;
Driver info: org.openqa.selenium.edge.EdgeDriver
Command: [06cdbb89631754cadde9d92653c99425, findElement {value=//button[contains(text(),&apos;Add a New Contact&apos;)], using=xpath}]
Capabilities {acceptInsecureCerts: false, browserName: MicrosoftEdge, browserVersion: 131.0.2903.99, fedcm:accounts: true, ms:edgeOptions: {debuggerAddress: localhost:51426}, msedge: {msedgedriverVersion: 131.0.2903.99 (f96a870b1316..., userDataDir: C:\Users\arunp\AppData\Loca...}, networkConnectionEnabled: false, pageLoadStrategy: normal, platformName: windows, proxy: Proxy(), se:cdp: ws://localhost:51426/devtoo..., se:cdpVersion: 131.0.2903.99, setWindowRect: true, strictFileInteractability: false, timeouts: {implicit: 0, pageLoad: 300000, script: 30000}, unhandledPromptBehavior: dismiss and notify, webauthn:extension:credBlob: true, webauthn:extension:largeBlob: true, webauthn:extension:minPinLength: true, webauthn:extension:prf: true, webauthn:virtualAuthenticators: true}
Session ID: 06cdbb89631754cadde9d92653c99425
	at org.openqa.selenium.remote.ErrorCodec.decode(ErrorCodec.java:167)
	at org.openqa.selenium.remote.codec.w3c.W3CHttpResponseCodec.decode(W3CHttpResponseCodec.java:138)
	at org.openqa.selenium.remote.codec.w3c.W3CHttpResponseCodec.decode(W3CHttpResponseCodec.java:50)
	at org.openqa.selenium.remote.HttpCommandExecutor.execute(HttpCommandExecutor.java:190)
	at org.openqa.selenium.remote.service.DriverCommandExecutor.invokeExecute(DriverCommandExecutor.java:216)
	at org.openqa.selenium.remote.service.DriverCommandExecutor.execute(DriverCommandExecutor.java:174)
	at org.openqa.selenium.remote.RemoteWebDriver.execute(RemoteWebDriver.java:545)
	at org.openqa.selenium.remote.ElementLocation$ElementFinder$2.findElement(ElementLocation.java:165)
	at org.openqa.selenium.remote.ElementLocation.findElement(ElementLocation.java:59)
	at org.openqa.selenium.remote.RemoteWebDriver.findElement(RemoteWebDriver.java:368)
	at org.openqa.selenium.remote.RemoteWebDriver.findElement(RemoteWebDriver.java:362)
	at pages.ContactAdditionPage.contactAddSubmitButton(ContactAdditionPage.java:125)
	at tests.TC_003_ContactAdditionTest.contactAddtionTest(TC_003_ContactAdditionTest.java:46)
	at java.base/java.util.ArrayList.forEach(ArrayList.java:1511)
... Removed 32 stack frames
</div> <!-- stack-trace -->
                </div> <!-- method-content -->
              </div> <!-- method -->
            </div> <!-- main-panel-content rounded-window-bottom -->
          </div> <!-- suite-Suite-class-failed -->
          <div class="suite-Suite-class-passed">
            <div class="main-panel-header rounded-window-top">
              <img src="passed.png"/>
              <span class="class-name">tests.TC_007_FinalLogoutTest</span>
            </div> <!-- main-panel-header rounded-window-top -->
            <div class="main-panel-content rounded-window-bottom">
              <div class="method">
                <div class="method-content">
                  <a name="finalLogoutTest(arunmtest13@gmail.com, 1234567)">
                  </a> <!-- finalLogoutTest(arunmtest13@gmail.com, 1234567) -->
                  <span class="method-name">finalLogoutTest</span>
                  <span class="parameters">(arunmtest13@gmail.com, 1234567)</span>
                </div> <!-- method-content -->
              </div> <!-- method -->
              <div class="method">
                <div class="method-content">
                  <a name="finalLogoutTest(arunmtest13@gmail.com, 1234567)">
                  </a> <!-- finalLogoutTest(arunmtest13@gmail.com, 1234567) -->
                  <span class="method-name">finalLogoutTest</span>
                  <span class="parameters">(arunmtest13@gmail.com, 1234567)</span>
                </div> <!-- method-content -->
              </div> <!-- method -->
            </div> <!-- main-panel-content rounded-window-bottom -->
          </div> <!-- suite-Suite-class-passed -->
          <div class="suite-Suite-class-passed">
            <div class="main-panel-header rounded-window-top">
              <img src="passed.png"/>
              <span class="class-name">tests.TC_002_LoginTest</span>
            </div> <!-- main-panel-header rounded-window-top -->
            <div class="main-panel-content rounded-window-bottom">
              <div class="method">
                <div class="method-content">
                  <a name="loginTest(arunmtest13@gmail.com, 1234567)">
                  </a> <!-- loginTest(arunmtest13@gmail.com, 1234567) -->
                  <span class="method-name">loginTest</span>
                  <span class="parameters">(arunmtest13@gmail.com, 1234567)</span>
                </div> <!-- method-content -->
              </div> <!-- method -->
              <div class="method">
                <div class="method-content">
                  <a name="loginTest(arunmtest13@gmail.com, 1234567)">
                  </a> <!-- loginTest(arunmtest13@gmail.com, 1234567) -->
                  <span class="method-name">loginTest</span>
                  <span class="parameters">(arunmtest13@gmail.com, 1234567)</span>
                </div> <!-- method-content -->
              </div> <!-- method -->
            </div> <!-- main-panel-content rounded-window-bottom -->
          </div> <!-- suite-Suite-class-passed -->
          <div class="suite-Suite-class-passed">
            <div class="main-panel-header rounded-window-top">
              <img src="passed.png"/>
              <span class="class-name">tests.TC_006_ContactDeletingTest</span>
            </div> <!-- main-panel-header rounded-window-top -->
            <div class="main-panel-content rounded-window-bottom">
              <div class="method">
                <div class="method-content">
                  <a name="contactDeletingTest(arunmtest13@gmail.com, 1234567)">
                  </a> <!-- contactDeletingTest(arunmtest13@gmail.com, 1234567) -->
                  <span class="method-name">contactDeletingTest</span>
                  <span class="parameters">(arunmtest13@gmail.com, 1234567)</span>
                </div> <!-- method-content -->
              </div> <!-- method -->
              <div class="method">
                <div class="method-content">
                  <a name="contactDeletingTest(arunmtest13@gmail.com, 1234567)">
                  </a> <!-- contactDeletingTest(arunmtest13@gmail.com, 1234567) -->
                  <span class="method-name">contactDeletingTest</span>
                  <span class="parameters">(arunmtest13@gmail.com, 1234567)</span>
                </div> <!-- method-content -->
              </div> <!-- method -->
            </div> <!-- main-panel-content rounded-window-bottom -->
          </div> <!-- suite-Suite-class-passed -->
          <div class="suite-Suite-class-passed">
            <div class="main-panel-header rounded-window-top">
              <img src="passed.png"/>
              <span class="class-name">tests.TC_005_ContactEditingTest</span>
            </div> <!-- main-panel-header rounded-window-top -->
            <div class="main-panel-content rounded-window-bottom">
              <div class="method">
                <div class="method-content">
                  <a name="contactEditingTest(arunmtest13@gmail.com, 1234567, Will, Jack, wjack@fake.com, 9000080000)">
                  </a> <!-- contactEditingTest(arunmtest13@gmail.com, 1234567, Will, Jack, wjack@fake.com, 9000080000) -->
                  <span class="method-name">contactEditingTest</span>
                  <span class="parameters">(arunmtest13@gmail.com, 1234567, Will, Jack, wjack@fake.com, 9000080000)</span>
                </div> <!-- method-content -->
              </div> <!-- method -->
              <div class="method">
                <div class="method-content">
                  <a name="contactEditingTest(arunmtest13@gmail.com, 1234567, Will, Jack, wjack@fake.com, 9000080000)">
                  </a> <!-- contactEditingTest(arunmtest13@gmail.com, 1234567, Will, Jack, wjack@fake.com, 9000080000) -->
                  <span class="method-name">contactEditingTest</span>
                  <span class="parameters">(arunmtest13@gmail.com, 1234567, Will, Jack, wjack@fake.com, 9000080000)</span>
                </div> <!-- method-content -->
              </div> <!-- method -->
            </div> <!-- main-panel-content rounded-window-bottom -->
          </div> <!-- suite-Suite-class-passed -->
          <div class="suite-Suite-class-passed">
            <div class="main-panel-header rounded-window-top">
              <img src="passed.png"/>
              <span class="class-name">tests.TC_003_ContactAdditionTest</span>
            </div> <!-- main-panel-header rounded-window-top -->
            <div class="main-panel-content rounded-window-bottom">
              <div class="method">
                <div class="method-content">
                  <a name="contactAddtionTest(arunmtest13@gmail.com, 1234567, John, Doe, 1970-01-01, jdoe@fake.com, 8005577777, 1 Main St, Apartme...)">
                  </a> <!-- contactAddtionTest(arunmtest13@gmail.com, 1234567, John, Doe, 1970-01-01, jdoe@fake.com, 8005577777, 1 Main St, Apartme...) -->
                  <span class="method-name">contactAddtionTest</span>
                  <span class="parameters">(arunmtest13@gmail.com, 1234567, John, Doe, 1970-01-01, jdoe@fake.com, 8005577777, 1 Main St, Apartment A, Paris, FS, 12345, France)</span>
                </div> <!-- method-content -->
              </div> <!-- method -->
              <div class="method">
                <div class="method-content">
                  <a name="contactAddtionTest(arunmtest13@gmail.com, 1234567, Amy, Miller, 1992-02-02, amiller@fake.com, 8005554242, 13 School St....)">
                  </a> <!-- contactAddtionTest(arunmtest13@gmail.com, 1234567, Amy, Miller, 1992-02-02, amiller@fake.com, 8005554242, 13 School St....) -->
                  <span class="method-name">contactAddtionTest</span>
                  <span class="parameters">(arunmtest13@gmail.com, 1234567, Amy, Miller, 1992-02-02, amiller@fake.com, 8005554242, 13 School St., Apt. 5, Washington, QC, 12345, Canada)</span>
                </div> <!-- method-content -->
              </div> <!-- method -->
              <div class="method">
                <div class="method-content">
                  <a name="contactAddtionTest(arunmtest13@gmail.com, 1234567, Anna, John, 1993-10-20, ajohn@fake.com, 8005555555, 5 School St., Ap...)">
                  </a> <!-- contactAddtionTest(arunmtest13@gmail.com, 1234567, Anna, John, 1993-10-20, ajohn@fake.com, 8005555555, 5 School St., Ap...) -->
                  <span class="method-name">contactAddtionTest</span>
                  <span class="parameters">(arunmtest13@gmail.com, 1234567, Anna, John, 1993-10-20, ajohn@fake.com, 8005555555, 5 School St., Apt. 11, Sydney, NSW, 12345, Australia)</span>
                </div> <!-- method-content -->
              </div> <!-- method -->
              <div class="method">
                <div class="method-content">
                  <a name="contactAddtionTest(arunmtest13@gmail.com, 1234567, Amy, Miller, 1992-02-02, amiller@fake.com, 8005554242, 13 School St....)">
                  </a> <!-- contactAddtionTest(arunmtest13@gmail.com, 1234567, Amy, Miller, 1992-02-02, amiller@fake.com, 8005554242, 13 School St....) -->
                  <span class="method-name">contactAddtionTest</span>
                  <span class="parameters">(arunmtest13@gmail.com, 1234567, Amy, Miller, 1992-02-02, amiller@fake.com, 8005554242, 13 School St., Apt. 5, Washington, QC, 12345, Canada)</span>
                </div> <!-- method-content -->
              </div> <!-- method -->
              <div class="method">
                <div class="method-content">
                  <a name="contactAddtionTest(arunmtest13@gmail.com, 1234567, John, Doe, 1970-01-01, jdoe@fake.com, 8005577777, 1 Main St, Apartme...)">
                  </a> <!-- contactAddtionTest(arunmtest13@gmail.com, 1234567, John, Doe, 1970-01-01, jdoe@fake.com, 8005577777, 1 Main St, Apartme...) -->
                  <span class="method-name">contactAddtionTest</span>
                  <span class="parameters">(arunmtest13@gmail.com, 1234567, John, Doe, 1970-01-01, jdoe@fake.com, 8005577777, 1 Main St, Apartment A, Paris, FS, 12345, France)</span>
                </div> <!-- method-content -->
              </div> <!-- method -->
              <div class="method">
                <div class="method-content">
                  <a name="contactAddtionTest(arunmtest13@gmail.com, 1234567, Amy, Miller, 1992-02-02, amiller@fake.com, 8005554242, 13 School St....)">
                  </a> <!-- contactAddtionTest(arunmtest13@gmail.com, 1234567, Amy, Miller, 1992-02-02, amiller@fake.com, 8005554242, 13 School St....) -->
                  <span class="method-name">contactAddtionTest</span>
                  <span class="parameters">(arunmtest13@gmail.com, 1234567, Amy, Miller, 1992-02-02, amiller@fake.com, 8005554242, 13 School St., Apt. 5, Washington, QC, 12345, Canada)</span>
                </div> <!-- method-content -->
              </div> <!-- method -->
              <div class="method">
                <div class="method-content">
                  <a name="contactAddtionTest(arunmtest13@gmail.com, 1234567, Anna, John, 1993-10-20, ajohn@fake.com, 8005555555, 5 School St., Ap...)">
                  </a> <!-- contactAddtionTest(arunmtest13@gmail.com, 1234567, Anna, John, 1993-10-20, ajohn@fake.com, 8005555555, 5 School St., Ap...) -->
                  <span class="method-name">contactAddtionTest</span>
                  <span class="parameters">(arunmtest13@gmail.com, 1234567, Anna, John, 1993-10-20, ajohn@fake.com, 8005555555, 5 School St., Apt. 11, Sydney, NSW, 12345, Australia)</span>
                </div> <!-- method-content -->
              </div> <!-- method -->
              <div class="method">
                <div class="method-content">
                  <a name="contactAddtionTest(arunmtest13@gmail.com, 1234567, Amy, Miller, 1992-02-02, amiller@fake.com, 8005554242, 13 School St....)">
                  </a> <!-- contactAddtionTest(arunmtest13@gmail.com, 1234567, Amy, Miller, 1992-02-02, amiller@fake.com, 8005554242, 13 School St....) -->
                  <span class="method-name">contactAddtionTest</span>
                  <span class="parameters">(arunmtest13@gmail.com, 1234567, Amy, Miller, 1992-02-02, amiller@fake.com, 8005554242, 13 School St., Apt. 5, Washington, QC, 12345, Canada)</span>
                </div> <!-- method-content -->
              </div> <!-- method -->
            </div> <!-- main-panel-content rounded-window-bottom -->
          </div> <!-- suite-Suite-class-passed -->
        </div> <!-- panel Suite -->
        <div panel-name="test-xml-Suite" class="panel">
          <div class="main-panel-header rounded-window-top">
            <span class="header-content">C:\Users\arunp\eclipse-workspace\ContactListApp\testng.xml</span>
          </div> <!-- main-panel-header rounded-window-top -->
          <div class="main-panel-content rounded-window-bottom">
            <pre>
&lt;?xml version=&quot;1.0&quot; encoding=&quot;UTF-8&quot;?&gt;
&lt;!DOCTYPE suite SYSTEM &quot;https://testng.org/testng-1.0.dtd&quot;&gt;
&lt;suite name=&quot;Suite&quot; guice-stage=&quot;DEVELOPMENT&quot;&gt;
  &lt;listeners&gt;
    &lt;listener class-name=&quot;utility.Listener&quot;/&gt;
  &lt;/listeners&gt;
  &lt;test thread-count=&quot;5&quot; name=&quot;Chrome Test&quot;&gt;
    &lt;parameter name=&quot;browser&quot; value=&quot;chrome&quot;/&gt;
    &lt;classes&gt;
      &lt;class name=&quot;tests.TC_001_SignUpTest&quot;/&gt;
      &lt;class name=&quot;tests.TC_002_LoginTest&quot;/&gt;
      &lt;class name=&quot;tests.TC_003_ContactAdditionTest&quot;/&gt;
      &lt;class name=&quot;tests.TC_004_ContactDisplayTest&quot;/&gt;
      &lt;class name=&quot;tests.TC_005_ContactEditingTest&quot;/&gt;
      &lt;class name=&quot;tests.TC_006_ContactDeletingTest&quot;/&gt;
      &lt;class name=&quot;tests.TC_007_FinalLogoutTest&quot;/&gt;
    &lt;/classes&gt;
  &lt;/test&gt; &lt;!-- Chrome Test --&gt;
  &lt;test thread-count=&quot;5&quot; name=&quot;Edge Test&quot;&gt;
    &lt;parameter name=&quot;browser&quot; value=&quot;edge&quot;/&gt;
    &lt;classes&gt;
      &lt;class name=&quot;tests.TC_001_SignUpTest&quot;/&gt;
      &lt;class name=&quot;tests.TC_002_LoginTest&quot;/&gt;
      &lt;class name=&quot;tests.TC_003_ContactAdditionTest&quot;/&gt;
      &lt;class name=&quot;tests.TC_004_ContactDisplayTest&quot;/&gt;
      &lt;class name=&quot;tests.TC_005_ContactEditingTest&quot;/&gt;
      &lt;class name=&quot;tests.TC_006_ContactDeletingTest&quot;/&gt;
      &lt;class name=&quot;tests.TC_007_FinalLogoutTest&quot;/&gt;
    &lt;/classes&gt;
  &lt;/test&gt; &lt;!-- Edge Test --&gt;
&lt;/suite&gt; &lt;!-- Suite --&gt;
            </pre>
          </div> <!-- main-panel-content rounded-window-bottom -->
        </div> <!-- panel -->
        <div panel-name="testlist-Suite" class="panel">
          <div class="main-panel-header rounded-window-top">
            <span class="header-content">Tests for Suite</span>
          </div> <!-- main-panel-header rounded-window-top -->
          <div class="main-panel-content rounded-window-bottom">
            <ul>
              <li>
                <span class="test-name">Chrome Test (7 classes)</span>
              </li>
              <li>
                <span class="test-name">Edge Test (7 classes)</span>
              </li>
            </ul>
          </div> <!-- main-panel-content rounded-window-bottom -->
        </div> <!-- panel -->
        <div panel-name="group-Suite" class="panel">
          <div class="main-panel-header rounded-window-top">
            <span class="header-content">Groups for Suite</span>
          </div> <!-- main-panel-header rounded-window-top -->
          <div class="main-panel-content rounded-window-bottom">
          </div> <!-- main-panel-content rounded-window-bottom -->
        </div> <!-- panel -->
        <div panel-name="times-Suite" class="panel">
          <div class="main-panel-header rounded-window-top">
            <span class="header-content">Times for Suite</span>
          </div> <!-- main-panel-header rounded-window-top -->
          <div class="main-panel-content rounded-window-bottom">
            <div class="times-div">
              <script type="text/javascript">
suiteTableInitFunctions.push('tableData_Suite');
function tableData_Suite() {
var data = new google.visualization.DataTable();
data.addColumn('number', 'Number');
data.addColumn('string', 'Method');
data.addColumn('string', 'Class');
data.addColumn('number', 'Time (ms)');
data.addRows(28);
data.setCell(0, 0, 0)
data.setCell(0, 1, 'finalLogoutTest')
data.setCell(0, 2, 'tests.TC_007_FinalLogoutTest')
data.setCell(0, 3, 22600);
data.setCell(1, 0, 1)
data.setCell(1, 1, 'finalLogoutTest')
data.setCell(1, 2, 'tests.TC_007_FinalLogoutTest')
data.setCell(1, 3, 22165);
data.setCell(2, 0, 2)
data.setCell(2, 1, 'contactEditingTest')
data.setCell(2, 2, 'tests.TC_005_ContactEditingTest')
data.setCell(2, 3, 16623);
data.setCell(3, 0, 3)
data.setCell(3, 1, 'contactEditingTest')
data.setCell(3, 2, 'tests.TC_005_ContactEditingTest')
data.setCell(3, 3, 16412);
data.setCell(4, 0, 4)
data.setCell(4, 1, 'contactAddtionTest')
data.setCell(4, 2, 'tests.TC_003_ContactAdditionTest')
data.setCell(4, 3, 13306);
data.setCell(5, 0, 5)
data.setCell(5, 1, 'contactAddtionTest')
data.setCell(5, 2, 'tests.TC_003_ContactAdditionTest')
data.setCell(5, 3, 13191);
data.setCell(6, 0, 6)
data.setCell(6, 1, 'contactAddtionTest')
data.setCell(6, 2, 'tests.TC_003_ContactAdditionTest')
data.setCell(6, 3, 13123);
data.setCell(7, 0, 7)
data.setCell(7, 1, 'contactAddtionTest')
data.setCell(7, 2, 'tests.TC_003_ContactAdditionTest')
data.setCell(7, 3, 13114);
data.setCell(8, 0, 8)
data.setCell(8, 1, 'contactDeletingTest')
data.setCell(8, 2, 'tests.TC_006_ContactDeletingTest')
data.setCell(8, 3, 9506);
data.setCell(9, 0, 9)
data.setCell(9, 1, 'contactAddtionTest')
data.setCell(9, 2, 'tests.TC_003_ContactAdditionTest')
data.setCell(9, 3, 9263);
data.setCell(10, 0, 10)
data.setCell(10, 1, 'contactDeletingTest')
data.setCell(10, 2, 'tests.TC_006_ContactDeletingTest')
data.setCell(10, 3, 9207);
data.setCell(11, 0, 11)
data.setCell(11, 1, 'contactAddtionTest')
data.setCell(11, 2, 'tests.TC_003_ContactAdditionTest')
data.setCell(11, 3, 9067);
data.setCell(12, 0, 12)
data.setCell(12, 1, 'contactAddtionTest')
data.setCell(12, 2, 'tests.TC_003_ContactAdditionTest')
data.setCell(12, 3, 9009);
data.setCell(13, 0, 13)
data.setCell(13, 1, 'contactAddtionTest')
data.setCell(13, 2, 'tests.TC_003_ContactAdditionTest')
data.setCell(13, 3, 8985);
data.setCell(14, 0, 14)
data.setCell(14, 1, 'contactAddtionTest')
data.setCell(14, 2, 'tests.TC_003_ContactAdditionTest')
data.setCell(14, 3, 8981);
data.setCell(15, 0, 15)
data.setCell(15, 1, 'contactAddtionTest')
data.setCell(15, 2, 'tests.TC_003_ContactAdditionTest')
data.setCell(15, 3, 8951);
data.setCell(16, 0, 16)
data.setCell(16, 1, 'contactAddtionTest')
data.setCell(16, 2, 'tests.TC_003_ContactAdditionTest')
data.setCell(16, 3, 8949);
data.setCell(17, 0, 17)
data.setCell(17, 1, 'contactAddtionTest')
data.setCell(17, 2, 'tests.TC_003_ContactAdditionTest')
data.setCell(17, 3, 8853);
data.setCell(18, 0, 18)
data.setCell(18, 1, 'signUpTest')
data.setCell(18, 2, 'tests.TC_001_SignUpTest')
data.setCell(18, 3, 6481);
data.setCell(19, 0, 19)
data.setCell(19, 1, 'loginTest')
data.setCell(19, 2, 'tests.TC_002_LoginTest')
data.setCell(19, 3, 5426);
data.setCell(20, 0, 20)
data.setCell(20, 1, 'loginTest')
data.setCell(20, 2, 'tests.TC_002_LoginTest')
data.setCell(20, 3, 5413);
data.setCell(21, 0, 21)
data.setCell(21, 1, 'loginTest')
data.setCell(21, 2, 'tests.TC_002_LoginTest')
data.setCell(21, 3, 2196);
data.setCell(22, 0, 22)
data.setCell(22, 1, 'loginTest')
data.setCell(22, 2, 'tests.TC_002_LoginTest')
data.setCell(22, 3, 2039);
data.setCell(23, 0, 23)
data.setCell(23, 1, 'contactDisplatTest')
data.setCell(23, 2, 'tests.TC_004_ContactDisplayTest')
data.setCell(23, 3, 1989);
data.setCell(24, 0, 24)
data.setCell(24, 1, 'signUpTest')
data.setCell(24, 2, 'tests.TC_001_SignUpTest')
data.setCell(24, 3, 1904);
data.setCell(25, 0, 25)
data.setCell(25, 1, 'contactDisplatTest')
data.setCell(25, 2, 'tests.TC_004_ContactDisplayTest')
data.setCell(25, 3, 1769);
data.setCell(26, 0, 26)
data.setCell(26, 1, 'signUpTest')
data.setCell(26, 2, 'tests.TC_001_SignUpTest')
data.setCell(26, 3, 1577);
data.setCell(27, 0, 27)
data.setCell(27, 1, 'signUpTest')
data.setCell(27, 2, 'tests.TC_001_SignUpTest')
data.setCell(27, 3, 1550);
window.suiteTableData['Suite']= { tableData: data, tableDiv: 'times-div-Suite'}
return data;
}
              </script>
              <span class="suite-total-time">Total running time: 4 minutes</span>
              <div id="times-div-Suite">
              </div> <!-- times-div-Suite -->
            </div> <!-- times-div -->
          </div> <!-- main-panel-content rounded-window-bottom -->
        </div> <!-- panel -->
        <div panel-name="reporter-Suite" class="panel">
          <div class="main-panel-header rounded-window-top">
            <span class="header-content">Reporter output for Suite</span>
          </div> <!-- main-panel-header rounded-window-top -->
          <div class="main-panel-content rounded-window-bottom">
          </div> <!-- main-panel-content rounded-window-bottom -->
        </div> <!-- panel -->
        <div panel-name="ignored-methods-Suite" class="panel">
          <div class="main-panel-header rounded-window-top">
            <span class="header-content">24 ignored methods</span>
          </div> <!-- main-panel-header rounded-window-top -->
          <div class="main-panel-content rounded-window-bottom">
            <div class="ignored-class-div">
              <span class="ignored-class-name">tests.TC_007_FinalLogoutTest</span>
              <div class="ignored-methods-div">
                <span class="ignored-method-name">reportInitialization</span>
                <br/>
                <span class="ignored-method-name">reportInitialization</span>
                <br/>
                <span class="ignored-method-name">closeReport</span>
                <br/>
                <span class="ignored-method-name">closeReport</span>
                <br/>
              </div> <!-- ignored-methods-div -->
            </div> <!-- ignored-class-div -->
            <div class="ignored-class-div">
              <span class="ignored-class-name">tests.TC_002_LoginTest</span>
              <div class="ignored-methods-div">
                <span class="ignored-method-name">reportInitialization</span>
                <br/>
                <span class="ignored-method-name">reportInitialization</span>
                <br/>
                <span class="ignored-method-name">closeReport</span>
                <br/>
                <span class="ignored-method-name">closeReport</span>
                <br/>
              </div> <!-- ignored-methods-div -->
            </div> <!-- ignored-class-div -->
            <div class="ignored-class-div">
              <span class="ignored-class-name">tests.TC_004_ContactDisplayTest</span>
              <div class="ignored-methods-div">
                <span class="ignored-method-name">reportInitialization</span>
                <br/>
                <span class="ignored-method-name">reportInitialization</span>
                <br/>
                <span class="ignored-method-name">closeReport</span>
                <br/>
                <span class="ignored-method-name">closeReport</span>
                <br/>
              </div> <!-- ignored-methods-div -->
            </div> <!-- ignored-class-div -->
            <div class="ignored-class-div">
              <span class="ignored-class-name">tests.TC_006_ContactDeletingTest</span>
              <div class="ignored-methods-div">
                <span class="ignored-method-name">reportInitialization</span>
                <br/>
                <span class="ignored-method-name">reportInitialization</span>
                <br/>
                <span class="ignored-method-name">closeReport</span>
                <br/>
                <span class="ignored-method-name">closeReport</span>
                <br/>
              </div> <!-- ignored-methods-div -->
            </div> <!-- ignored-class-div -->
            <div class="ignored-class-div">
              <span class="ignored-class-name">tests.TC_005_ContactEditingTest</span>
              <div class="ignored-methods-div">
                <span class="ignored-method-name">reportInitialization</span>
                <br/>
                <span class="ignored-method-name">reportInitialization</span>
                <br/>
                <span class="ignored-method-name">closeReport</span>
                <br/>
                <span class="ignored-method-name">closeReport</span>
                <br/>
              </div> <!-- ignored-methods-div -->
            </div> <!-- ignored-class-div -->
            <div class="ignored-class-div">
              <span class="ignored-class-name">tests.TC_003_ContactAdditionTest</span>
              <div class="ignored-methods-div">
                <span class="ignored-method-name">reportInitialization</span>
                <br/>
                <span class="ignored-method-name">reportInitialization</span>
                <br/>
                <span class="ignored-method-name">closeReport</span>
                <br/>
                <span class="ignored-method-name">closeReport</span>
                <br/>
              </div> <!-- ignored-methods-div -->
            </div> <!-- ignored-class-div -->
          </div> <!-- main-panel-content rounded-window-bottom -->
        </div> <!-- panel -->
        <div panel-name="chronological-Suite" class="panel">
          <div class="main-panel-header rounded-window-top">
            <span class="header-content">Methods in chronological order</span>
          </div> <!-- main-panel-header rounded-window-top -->
          <div class="main-panel-content rounded-window-bottom">
            <div class="chronological-class">
              <div class="chronological-class-name">tests.TC_001_SignUpTest</div> <!-- chronological-class-name -->
              <div class="configuration-suite before">
                <span class="method-name">reportInitialization</span>
                <span class="method-start">0 ms</span>
              </div> <!-- configuration-suite before -->
            </div> <!-- chronological-class -->
            <div class="chronological-class">
              <div class="chronological-class-name">tests.TC_005_ContactEditingTest</div> <!-- chronological-class-name -->
              <div class="configuration-test before">
                <span class="method-name">reportSetUp</span>
                <span class="method-start">308 ms</span>
              </div> <!-- configuration-test before -->
            </div> <!-- chronological-class -->
            <div class="chronological-class">
              <div class="chronological-class-name">tests.TC_003_ContactAdditionTest</div> <!-- chronological-class-name -->
              <div class="configuration-test before">
                <span class="method-name">reportSetUp</span>
                <span class="method-start">308 ms</span>
              </div> <!-- configuration-test before -->
            </div> <!-- chronological-class -->
            <div class="chronological-class">
              <div class="chronological-class-name">tests.TC_001_SignUpTest</div> <!-- chronological-class-name -->
              <div class="configuration-test before">
                <span class="method-name">reportSetUp</span>
                <span class="method-start">308 ms</span>
              </div> <!-- configuration-test before -->
            </div> <!-- chronological-class -->
            <div class="chronological-class">
              <div class="chronological-class-name">tests.TC_004_ContactDisplayTest</div> <!-- chronological-class-name -->
              <div class="configuration-test before">
                <span class="method-name">reportSetUp</span>
                <span class="method-start">308 ms</span>
              </div> <!-- configuration-test before -->
            </div> <!-- chronological-class -->
            <div class="chronological-class">
              <div class="chronological-class-name">tests.TC_002_LoginTest</div> <!-- chronological-class-name -->
              <div class="configuration-test before">
                <span class="method-name">reportSetUp</span>
                <span class="method-start">308 ms</span>
              </div> <!-- configuration-test before -->
            </div> <!-- chronological-class -->
            <div class="chronological-class">
              <div class="chronological-class-name">tests.TC_006_ContactDeletingTest</div> <!-- chronological-class-name -->
              <div class="configuration-test before">
                <span class="method-name">reportSetUp</span>
                <span class="method-start">309 ms</span>
              </div> <!-- configuration-test before -->
            </div> <!-- chronological-class -->
            <div class="chronological-class">
              <div class="chronological-class-name">tests.TC_007_FinalLogoutTest</div> <!-- chronological-class-name -->
              <div class="configuration-test before">
                <span class="method-name">reportSetUp</span>
                <span class="method-start">309 ms</span>
              </div> <!-- configuration-test before -->
            </div> <!-- chronological-class -->
            <div class="chronological-class">
              <div class="chronological-class-name">tests.TC_001_SignUpTest</div> <!-- chronological-class-name -->
              <div class="configuration-class before">
                <span class="method-name">testDetailsAndData</span>
                <span class="method-start">320 ms</span>
              </div> <!-- configuration-class before -->
              <div class="configuration-method before">
                <span class="method-name">launchBrowserAndURL(chrome)</span>
                <span class="method-start">1270 ms</span>
              </div> <!-- configuration-method before -->
              <div class="test-method">
                <img src="failed.png">
                </img>
                <span class="method-name">signUpTest(Arun, M, arunmtest13@gmail.com, 1234567)</span>
                <span class="method-start">6524 ms</span>
              </div> <!-- test-method -->
              <div class="configuration-method after">
                <span class="method-name">closeBrowser</span>
                <span class="method-start">13143 ms</span>
              </div> <!-- configuration-method after -->
              <div class="configuration-method before">
                <span class="method-name">launchBrowserAndURL(chrome)</span>
                <span class="method-start">13544 ms</span>
              </div> <!-- configuration-method before -->
              <div class="test-method">
                <img src="failed.png">
                </img>
                <span class="method-name">signUpTest(Arun, M, abc@gmail.com, 1234567)</span>
                <span class="method-start">16894 ms</span>
              </div> <!-- test-method -->
              <div class="configuration-method after">
                <span class="method-name">closeBrowser</span>
                <span class="method-start">18603 ms</span>
              </div> <!-- configuration-method after -->
            </div> <!-- chronological-class -->
            <div class="chronological-class">
              <div class="chronological-class-name">tests.TC_002_LoginTest</div> <!-- chronological-class-name -->
              <div class="configuration-class before">
                <span class="method-name">testDetailsAndData</span>
                <span class="method-start">18904 ms</span>
              </div> <!-- configuration-class before -->
              <div class="configuration-method before">
                <span class="method-name">launchBrowserAndURL(chrome)</span>
                <span class="method-start">19054 ms</span>
              </div> <!-- configuration-method before -->
              <div class="test-method">
                <span class="method-name">loginTest(arunmtest13@gmail.com, 1234567)</span>
                <span class="method-start">22309 ms</span>
              </div> <!-- test-method -->
              <div class="configuration-method after">
                <span class="method-name">closeBrowser</span>
                <span class="method-start">24508 ms</span>
              </div> <!-- configuration-method after -->
              <div class="configuration-method before">
                <span class="method-name">launchBrowserAndURL(chrome)</span>
                <span class="method-start">24824 ms</span>
              </div> <!-- configuration-method before -->
              <div class="test-method">
                <img src="failed.png">
                </img>
                <span class="method-name">loginTest(abc, 1)</span>
                <span class="method-start">28390 ms</span>
              </div> <!-- test-method -->
              <div class="configuration-method after">
                <span class="method-name">closeBrowser</span>
                <span class="method-start">33921 ms</span>
              </div> <!-- configuration-method after -->
            </div> <!-- chronological-class -->
            <div class="chronological-class">
              <div class="chronological-class-name">tests.TC_003_ContactAdditionTest</div> <!-- chronological-class-name -->
              <div class="configuration-class before">
                <span class="method-name">testDetailsAndData</span>
                <span class="method-start">34289 ms</span>
              </div> <!-- configuration-class before -->
              <div class="configuration-method before">
                <span class="method-name">launchBrowserAndURL(chrome)</span>
                <span class="method-start">34408 ms</span>
              </div> <!-- configuration-method before -->
              <div class="test-method">
                <span class="method-name">contactAddtionTest(arunmtest13@gmail.com, 1234567, John, Doe, 1970-01-01, jdoe@fake.com, 8005577777, 1 Main St, Apartme...)</span>
                <span class="method-start">37533 ms</span>
              </div> <!-- test-method -->
              <div class="configuration-method after">
                <span class="method-name">closeBrowser</span>
                <span class="method-start">46484 ms</span>
              </div> <!-- configuration-method after -->
              <div class="configuration-method before">
                <span class="method-name">launchBrowserAndURL(chrome)</span>
                <span class="method-start">46874 ms</span>
              </div> <!-- configuration-method before -->
              <div class="test-method">
                <span class="method-name">contactAddtionTest(arunmtest13@gmail.com, 1234567, Anna, John, 1993-10-20, ajohn@fake.com, 8005555555, 5 School St., Ap...)</span>
                <span class="method-start">50027 ms</span>
              </div> <!-- test-method -->
              <div class="configuration-method after">
                <span class="method-name">closeBrowser</span>
                <span class="method-start">59014 ms</span>
              </div> <!-- configuration-method after -->
              <div class="configuration-method before">
                <span class="method-name">launchBrowserAndURL(chrome)</span>
                <span class="method-start">59501 ms</span>
              </div> <!-- configuration-method before -->
              <div class="test-method">
                <img src="failed.png">
                </img>
                <span class="method-name">contactAddtionTest(arunmtest13@gmail.com, 1234567, , , 1992-02-02, amiller@fake.com, 8005554242, 13 School St., Apt. 5,...)</span>
                <span class="method-start">62659 ms</span>
              </div> <!-- test-method -->
              <div class="configuration-method after">
                <span class="method-name">closeBrowser</span>
                <span class="method-start">75994 ms</span>
              </div> <!-- configuration-method after -->
              <div class="configuration-method before">
                <span class="method-name">launchBrowserAndURL(chrome)</span>
                <span class="method-start">76428 ms</span>
              </div> <!-- configuration-method before -->
              <div class="test-method">
                <span class="method-name">contactAddtionTest(arunmtest13@gmail.com, 1234567, Amy, Miller, 1992-02-02, amiller@fake.com, 8005554242, 13 School St....)</span>
                <span class="method-start">79797 ms</span>
              </div> <!-- test-method -->
              <div class="configuration-method after">
                <span class="method-name">closeBrowser</span>
                <span class="method-start">88865 ms</span>
              </div> <!-- configuration-method after -->
              <div class="configuration-method before">
                <span class="method-name">launchBrowserAndURL(chrome)</span>
                <span class="method-start">89277 ms</span>
              </div> <!-- configuration-method before -->
              <div class="test-method">
                <span class="method-name">contactAddtionTest(arunmtest13@gmail.com, 1234567, Amy, Miller, 1992-02-02, amiller@fake.com, 8005554242, 13 School St....)</span>
                <span class="method-start">92676 ms</span>
              </div> <!-- test-method -->
              <div class="configuration-method after">
                <span class="method-name">closeBrowser</span>
                <span class="method-start">101944 ms</span>
              </div> <!-- configuration-method after -->
              <div class="configuration-method before">
                <span class="method-name">launchBrowserAndURL(chrome)</span>
                <span class="method-start">102263 ms</span>
              </div> <!-- configuration-method before -->
              <div class="test-method">
                <img src="failed.png">
                </img>
                <span class="method-name">contactAddtionTest(arunmtest13@gmail.com, 1234567, Miller, Dave, 23-06-1995, mdave@fake.com, 8006666666, 2 Main St, Apt...)</span>
                <span class="method-start">105721 ms</span>
              </div> <!-- test-method -->
              <div class="configuration-method after">
                <span class="method-name">closeBrowser</span>
                <span class="method-start">119147 ms</span>
              </div> <!-- configuration-method after -->
            </div> <!-- chronological-class -->
            <div class="chronological-class">
              <div class="chronological-class-name">tests.TC_004_ContactDisplayTest</div> <!-- chronological-class-name -->
              <div class="configuration-class before">
                <span class="method-name">testDetailsAndData</span>
                <span class="method-start">119498 ms</span>
              </div> <!-- configuration-class before -->
              <div class="configuration-method before">
                <span class="method-name">launchBrowserAndURL(chrome)</span>
                <span class="method-start">119638 ms</span>
              </div> <!-- configuration-method before -->
              <div class="test-method">
                <img src="failed.png">
                </img>
                <span class="method-name">contactDisplatTest(arunmtest13@gmail.com, 1234567)</span>
                <span class="method-start">122835 ms</span>
              </div> <!-- test-method -->
              <div class="configuration-method after">
                <span class="method-name">closeBrowser</span>
                <span class="method-start">124731 ms</span>
              </div> <!-- configuration-method after -->
            </div> <!-- chronological-class -->
            <div class="chronological-class">
              <div class="chronological-class-name">tests.TC_005_ContactEditingTest</div> <!-- chronological-class-name -->
              <div class="configuration-class before">
                <span class="method-name">testDetailsAndData</span>
                <span class="method-start">125008 ms</span>
              </div> <!-- configuration-class before -->
              <div class="configuration-method before">
                <span class="method-name">launchBrowserAndURL(chrome)</span>
                <span class="method-start">125144 ms</span>
              </div> <!-- configuration-method before -->
              <div class="test-method">
                <span class="method-name">contactEditingTest(arunmtest13@gmail.com, 1234567, Will, Jack, wjack@fake.com, 9000080000)</span>
                <span class="method-start">128259 ms</span>
              </div> <!-- test-method -->
              <div class="configuration-method after">
                <span class="method-name">closeBrowser</span>
                <span class="method-start">144883 ms</span>
              </div> <!-- configuration-method after -->
            </div> <!-- chronological-class -->
            <div class="chronological-class">
              <div class="chronological-class-name">tests.TC_006_ContactDeletingTest</div> <!-- chronological-class-name -->
              <div class="configuration-class before">
                <span class="method-name">testDetailsAndData</span>
                <span class="method-start">145262 ms</span>
              </div> <!-- configuration-class before -->
              <div class="configuration-method before">
                <span class="method-name">launchBrowserAndURL(chrome)</span>
                <span class="method-start">145389 ms</span>
              </div> <!-- configuration-method before -->
              <div class="test-method">
                <span class="method-name">contactDeletingTest(arunmtest13@gmail.com, 1234567)</span>
                <span class="method-start">148572 ms</span>
              </div> <!-- test-method -->
              <div class="configuration-method after">
                <span class="method-name">closeBrowser</span>
                <span class="method-start">157779 ms</span>
              </div> <!-- configuration-method after -->
            </div> <!-- chronological-class -->
            <div class="chronological-class">
              <div class="chronological-class-name">tests.TC_007_FinalLogoutTest</div> <!-- chronological-class-name -->
              <div class="configuration-class before">
                <span class="method-name">testDetailsAndData</span>
                <span class="method-start">158126 ms</span>
              </div> <!-- configuration-class before -->
              <div class="configuration-method before">
                <span class="method-name">launchBrowserAndURL(chrome)</span>
                <span class="method-start">158251 ms</span>
              </div> <!-- configuration-method before -->
              <div class="test-method">
                <span class="method-name">finalLogoutTest(arunmtest13@gmail.com, 1234567)</span>
                <span class="method-start">161222 ms</span>
              </div> <!-- test-method -->
              <div class="configuration-method after">
                <span class="method-name">closeBrowser</span>
                <span class="method-start">183406 ms</span>
              </div> <!-- configuration-method after -->
            </div> <!-- chronological-class -->
            <div class="chronological-class">
              <div class="chronological-class-name">tests.TC_002_LoginTest</div> <!-- chronological-class-name -->
              <div class="configuration-test before">
                <span class="method-name">reportSetUp</span>
                <span class="method-start">183837 ms</span>
              </div> <!-- configuration-test before -->
            </div> <!-- chronological-class -->
            <div class="chronological-class">
              <div class="chronological-class-name">tests.TC_001_SignUpTest</div> <!-- chronological-class-name -->
              <div class="configuration-test before">
                <span class="method-name">reportSetUp</span>
                <span class="method-start">183837 ms</span>
              </div> <!-- configuration-test before -->
            </div> <!-- chronological-class -->
            <div class="chronological-class">
              <div class="chronological-class-name">tests.TC_004_ContactDisplayTest</div> <!-- chronological-class-name -->
              <div class="configuration-test before">
                <span class="method-name">reportSetUp</span>
                <span class="method-start">183840 ms</span>
              </div> <!-- configuration-test before -->
            </div> <!-- chronological-class -->
            <div class="chronological-class">
              <div class="chronological-class-name">tests.TC_003_ContactAdditionTest</div> <!-- chronological-class-name -->
              <div class="configuration-test before">
                <span class="method-name">reportSetUp</span>
                <span class="method-start">183840 ms</span>
              </div> <!-- configuration-test before -->
            </div> <!-- chronological-class -->
            <div class="chronological-class">
              <div class="chronological-class-name">tests.TC_005_ContactEditingTest</div> <!-- chronological-class-name -->
              <div class="configuration-test before">
                <span class="method-name">reportSetUp</span>
                <span class="method-start">183840 ms</span>
              </div> <!-- configuration-test before -->
            </div> <!-- chronological-class -->
            <div class="chronological-class">
              <div class="chronological-class-name">tests.TC_006_ContactDeletingTest</div> <!-- chronological-class-name -->
              <div class="configuration-test before">
                <span class="method-name">reportSetUp</span>
                <span class="method-start">183840 ms</span>
              </div> <!-- configuration-test before -->
            </div> <!-- chronological-class -->
            <div class="chronological-class">
              <div class="chronological-class-name">tests.TC_007_FinalLogoutTest</div> <!-- chronological-class-name -->
              <div class="configuration-test before">
                <span class="method-name">reportSetUp</span>
                <span class="method-start">183840 ms</span>
              </div> <!-- configuration-test before -->
            </div> <!-- chronological-class -->
            <div class="chronological-class">
              <div class="chronological-class-name">tests.TC_001_SignUpTest</div> <!-- chronological-class-name -->
              <div class="configuration-class before">
                <span class="method-name">testDetailsAndData</span>
                <span class="method-start">183840 ms</span>
              </div> <!-- configuration-class before -->
              <div class="configuration-method before">
                <span class="method-name">launchBrowserAndURL(edge)</span>
                <span class="method-start">183923 ms</span>
              </div> <!-- configuration-method before -->
              <div class="test-method">
                <img src="failed.png">
                </img>
                <span class="method-name">signUpTest(Arun, M, arunmtest13@gmail.com, 1234567)</span>
                <span class="method-start">187901 ms</span>
              </div> <!-- test-method -->
              <div class="configuration-method after">
                <span class="method-name">closeBrowser</span>
                <span class="method-start">189949 ms</span>
              </div> <!-- configuration-method after -->
              <div class="configuration-method before">
                <span class="method-name">launchBrowserAndURL(edge)</span>
                <span class="method-start">190405 ms</span>
              </div> <!-- configuration-method before -->
              <div class="test-method">
                <img src="failed.png">
                </img>
                <span class="method-name">signUpTest(Arun, M, abc@gmail.com, 1234567)</span>
                <span class="method-start">195143 ms</span>
              </div> <!-- test-method -->
              <div class="configuration-method after">
                <span class="method-name">closeBrowser</span>
                <span class="method-start">196820 ms</span>
              </div> <!-- configuration-method after -->
            </div> <!-- chronological-class -->
            <div class="chronological-class">
              <div class="chronological-class-name">tests.TC_002_LoginTest</div> <!-- chronological-class-name -->
              <div class="configuration-class before">
                <span class="method-name">testDetailsAndData</span>
                <span class="method-start">197270 ms</span>
              </div> <!-- configuration-class before -->
              <div class="configuration-method before">
                <span class="method-name">launchBrowserAndURL(edge)</span>
                <span class="method-start">197413 ms</span>
              </div> <!-- configuration-method before -->
              <div class="test-method">
                <span class="method-name">loginTest(arunmtest13@gmail.com, 1234567)</span>
                <span class="method-start">202304 ms</span>
              </div> <!-- test-method -->
              <div class="configuration-method after">
                <span class="method-name">closeBrowser</span>
                <span class="method-start">204344 ms</span>
              </div> <!-- configuration-method after -->
              <div class="configuration-method before">
                <span class="method-name">launchBrowserAndURL(edge)</span>
                <span class="method-start">204707 ms</span>
              </div> <!-- configuration-method before -->
              <div class="test-method">
                <img src="failed.png">
                </img>
                <span class="method-name">loginTest(abc, 1)</span>
                <span class="method-start">209511 ms</span>
              </div> <!-- test-method -->
              <div class="configuration-method after">
                <span class="method-name">closeBrowser</span>
                <span class="method-start">215089 ms</span>
              </div> <!-- configuration-method after -->
            </div> <!-- chronological-class -->
            <div class="chronological-class">
              <div class="chronological-class-name">tests.TC_003_ContactAdditionTest</div> <!-- chronological-class-name -->
              <div class="configuration-class before">
                <span class="method-name">testDetailsAndData</span>
                <span class="method-start">215600 ms</span>
              </div> <!-- configuration-class before -->
              <div class="configuration-method before">
                <span class="method-name">launchBrowserAndURL(edge)</span>
                <span class="method-start">215713 ms</span>
              </div> <!-- configuration-method before -->
              <div class="test-method">
                <span class="method-name">contactAddtionTest(arunmtest13@gmail.com, 1234567, John, Doe, 1970-01-01, jdoe@fake.com, 8005577777, 1 Main St, Apartme...)</span>
                <span class="method-start">221105 ms</span>
              </div> <!-- test-method -->
              <div class="configuration-method after">
                <span class="method-name">closeBrowser</span>
                <span class="method-start">230116 ms</span>
              </div> <!-- configuration-method after -->
              <div class="configuration-method before">
                <span class="method-name">launchBrowserAndURL(edge)</span>
                <span class="method-start">230594 ms</span>
              </div> <!-- configuration-method before -->
              <div class="test-method">
                <span class="method-name">contactAddtionTest(arunmtest13@gmail.com, 1234567, Anna, John, 1993-10-20, ajohn@fake.com, 8005555555, 5 School St., Ap...)</span>
                <span class="method-start">235369 ms</span>
              </div> <!-- test-method -->
              <div class="configuration-method after">
                <span class="method-name">closeBrowser</span>
                <span class="method-start">244350 ms</span>
              </div> <!-- configuration-method after -->
              <div class="configuration-method before">
                <span class="method-name">launchBrowserAndURL(edge)</span>
                <span class="method-start">244897 ms</span>
              </div> <!-- configuration-method before -->
              <div class="test-method">
                <img src="failed.png">
                </img>
                <span class="method-name">contactAddtionTest(arunmtest13@gmail.com, 1234567, , , 1992-02-02, amiller@fake.com, 8005554242, 13 School St., Apt. 5,...)</span>
                <span class="method-start">249731 ms</span>
              </div> <!-- test-method -->
              <div class="configuration-method after">
                <span class="method-name">closeBrowser</span>
                <span class="method-start">263026 ms</span>
              </div> <!-- configuration-method after -->
              <div class="configuration-method before">
                <span class="method-name">launchBrowserAndURL(edge)</span>
                <span class="method-start">263529 ms</span>
              </div> <!-- configuration-method before -->
              <div class="test-method">
                <span class="method-name">contactAddtionTest(arunmtest13@gmail.com, 1234567, Amy, Miller, 1992-02-02, amiller@fake.com, 8005554242, 13 School St....)</span>
                <span class="method-start">268306 ms</span>
              </div> <!-- test-method -->
              <div class="configuration-method after">
                <span class="method-name">closeBrowser</span>
                <span class="method-start">277161 ms</span>
              </div> <!-- configuration-method after -->
              <div class="configuration-method before">
                <span class="method-name">launchBrowserAndURL(edge)</span>
                <span class="method-start">277616 ms</span>
              </div> <!-- configuration-method before -->
              <div class="test-method">
                <span class="method-name">contactAddtionTest(arunmtest13@gmail.com, 1234567, Amy, Miller, 1992-02-02, amiller@fake.com, 8005554242, 13 School St....)</span>
                <span class="method-start">282465 ms</span>
              </div> <!-- test-method -->
              <div class="configuration-method after">
                <span class="method-name">closeBrowser</span>
                <span class="method-start">291417 ms</span>
              </div> <!-- configuration-method after -->
              <div class="configuration-method before">
                <span class="method-name">launchBrowserAndURL(edge)</span>
                <span class="method-start">291899 ms</span>
              </div> <!-- configuration-method before -->
              <div class="test-method">
                <img src="failed.png">
                </img>
                <span class="method-name">contactAddtionTest(arunmtest13@gmail.com, 1234567, Miller, Dave, 23-06-1995, mdave@fake.com, 8006666666, 2 Main St, Apt...)</span>
                <span class="method-start">296640 ms</span>
              </div> <!-- test-method -->
              <div class="configuration-method after">
                <span class="method-name">closeBrowser</span>
                <span class="method-start">309913 ms</span>
              </div> <!-- configuration-method after -->
            </div> <!-- chronological-class -->
            <div class="chronological-class">
              <div class="chronological-class-name">tests.TC_004_ContactDisplayTest</div> <!-- chronological-class-name -->
              <div class="configuration-class before">
                <span class="method-name">testDetailsAndData</span>
                <span class="method-start">310403 ms</span>
              </div> <!-- configuration-class before -->
              <div class="configuration-method before">
                <span class="method-name">launchBrowserAndURL(edge)</span>
                <span class="method-start">310484 ms</span>
              </div> <!-- configuration-method before -->
              <div class="test-method">
                <img src="failed.png">
                </img>
                <span class="method-name">contactDisplatTest(arunmtest13@gmail.com, 1234567)</span>
                <span class="method-start">315256 ms</span>
              </div> <!-- test-method -->
              <div class="configuration-method after">
                <span class="method-name">closeBrowser</span>
                <span class="method-start">317387 ms</span>
              </div> <!-- configuration-method after -->
            </div> <!-- chronological-class -->
            <div class="chronological-class">
              <div class="chronological-class-name">tests.TC_005_ContactEditingTest</div> <!-- chronological-class-name -->
              <div class="configuration-class before">
                <span class="method-name">testDetailsAndData</span>
                <span class="method-start">317794 ms</span>
              </div> <!-- configuration-class before -->
              <div class="configuration-method before">
                <span class="method-name">launchBrowserAndURL(edge)</span>
                <span class="method-start">317888 ms</span>
              </div> <!-- configuration-method before -->
              <div class="test-method">
                <span class="method-name">contactEditingTest(arunmtest13@gmail.com, 1234567, Will, Jack, wjack@fake.com, 9000080000)</span>
                <span class="method-start">322609 ms</span>
              </div> <!-- test-method -->
              <div class="configuration-method after">
                <span class="method-name">closeBrowser</span>
                <span class="method-start">339021 ms</span>
              </div> <!-- configuration-method after -->
            </div> <!-- chronological-class -->
            <div class="chronological-class">
              <div class="chronological-class-name">tests.TC_006_ContactDeletingTest</div> <!-- chronological-class-name -->
              <div class="configuration-class before">
                <span class="method-name">testDetailsAndData</span>
                <span class="method-start">339554 ms</span>
              </div> <!-- configuration-class before -->
              <div class="configuration-method before">
                <span class="method-name">launchBrowserAndURL(edge)</span>
                <span class="method-start">339657 ms</span>
              </div> <!-- configuration-method before -->
              <div class="test-method">
                <span class="method-name">contactDeletingTest(arunmtest13@gmail.com, 1234567)</span>
                <span class="method-start">344449 ms</span>
              </div> <!-- test-method -->
              <div class="configuration-method after">
                <span class="method-name">closeBrowser</span>
                <span class="method-start">353956 ms</span>
              </div> <!-- configuration-method after -->
            </div> <!-- chronological-class -->
            <div class="chronological-class">
              <div class="chronological-class-name">tests.TC_007_FinalLogoutTest</div> <!-- chronological-class-name -->
              <div class="configuration-class before">
                <span class="method-name">testDetailsAndData</span>
                <span class="method-start">354489 ms</span>
              </div> <!-- configuration-class before -->
              <div class="configuration-method before">
                <span class="method-name">launchBrowserAndURL(edge)</span>
                <span class="method-start">354562 ms</span>
              </div> <!-- configuration-method before -->
              <div class="test-method">
                <span class="method-name">finalLogoutTest(arunmtest13@gmail.com, 1234567)</span>
                <span class="method-start">359359 ms</span>
              </div> <!-- test-method -->
              <div class="configuration-method after">
                <span class="method-name">closeBrowser</span>
                <span class="method-start">381960 ms</span>
              </div> <!-- configuration-method after -->
            </div> <!-- chronological-class -->
            <div class="chronological-class">
              <div class="chronological-class-name">tests.TC_001_SignUpTest</div> <!-- chronological-class-name -->
              <div class="configuration-suite after">
                <span class="method-name">closeReport</span>
                <span class="method-start">382505 ms</span>
              </div> <!-- configuration-suite after -->
          </div> <!-- main-panel-content rounded-window-bottom -->
        </div> <!-- panel -->
      </div> <!-- main-panel-root -->
    </div> <!-- wrapper -->
  </body>
<script type="text/javascript" src="testng-reports2.js"></script>
</html>
